Determining if the environ exist failed with the following output:
Change Dir: /home/wxwxw/Documents/Speaking-AI/speaking/cmake-3.23.0/CMakeFiles/CMakeTmp

Run Build Command(s):/usr/bin/make -f Makefile cmTC_6ed84/fast && make  -f CMakeFiles/cmTC_6ed84.dir/build.make CMakeFiles/cmTC_6ed84.dir/build
make[1]: ディレクトリ '/home/wxwxw/Documents/Speaking-AI/speaking/cmake-3.23.0/CMakeFiles/CMakeTmp' に入ります
Building C object CMakeFiles/cmTC_6ed84.dir/CheckSymbolExists.c.o
/usr/bin/gcc   -std=gnu11 -o CMakeFiles/cmTC_6ed84.dir/CheckSymbolExists.c.o -c /home/wxwxw/Documents/Speaking-AI/speaking/cmake-3.23.0/CMakeFiles/CMakeTmp/CheckSymbolExists.c
/home/wxwxw/Documents/Speaking-AI/speaking/cmake-3.23.0/CMakeFiles/CMakeTmp/CheckSymbolExists.c: In function ‘main’:
/home/wxwxw/Documents/Speaking-AI/speaking/cmake-3.23.0/CMakeFiles/CMakeTmp/CheckSymbolExists.c:8:19: error: ‘environ’ undeclared (first use in this function)
    8 |   return ((int*)(&environ))[argc];
      |                   ^~~~~~~
/home/wxwxw/Documents/Speaking-AI/speaking/cmake-3.23.0/CMakeFiles/CMakeTmp/CheckSymbolExists.c:8:19: note: each undeclared identifier is reported only once for each function it appears in
make[1]: *** [CMakeFiles/cmTC_6ed84.dir/build.make:78: CMakeFiles/cmTC_6ed84.dir/CheckSymbolExists.c.o] エラー 1
make[1]: ディレクトリ '/home/wxwxw/Documents/Speaking-AI/speaking/cmake-3.23.0/CMakeFiles/CMakeTmp' から出ます
make: *** [Makefile:127: cmTC_6ed84/fast] エラー 2


File /home/wxwxw/Documents/Speaking-AI/speaking/cmake-3.23.0/CMakeFiles/CMakeTmp/CheckSymbolExists.c:
/* */
#include <stdlib.h>

int main(int argc, char** argv)
{
  (void)argv;
#ifndef environ
  return ((int*)(&environ))[argc];
#else
  (void)argc;
  return 0;
#endif
}
Performing C SOURCE FILE Test CMAKE_HAVE_LIBC_PTHREAD failed with the following output:
Change Dir: /home/wxwxw/Documents/Speaking-AI/speaking/cmake-3.23.0/CMakeFiles/CMakeTmp

Run Build Command(s):/usr/bin/make -f Makefile cmTC_0c81d/fast && make  -f CMakeFiles/cmTC_0c81d.dir/build.make CMakeFiles/cmTC_0c81d.dir/build
make[1]: ディレクトリ '/home/wxwxw/Documents/Speaking-AI/speaking/cmake-3.23.0/CMakeFiles/CMakeTmp' に入ります
Building C object CMakeFiles/cmTC_0c81d.dir/src.c.o
/usr/bin/gcc -DCMAKE_HAVE_LIBC_PTHREAD  -std=gnu11 -o CMakeFiles/cmTC_0c81d.dir/src.c.o -c /home/wxwxw/Documents/Speaking-AI/speaking/cmake-3.23.0/CMakeFiles/CMakeTmp/src.c
Linking C executable cmTC_0c81d
/home/wxwxw/Documents/Speaking-AI/speaking/cmake-3.23.0/Bootstrap.cmk/cmake -E cmake_link_script CMakeFiles/cmTC_0c81d.dir/link.txt --verbose=1
/usr/bin/gcc CMakeFiles/cmTC_0c81d.dir/src.c.o -o cmTC_0c81d 
/usr/bin/ld: CMakeFiles/cmTC_0c81d.dir/src.c.o: in function `main':
src.c:(.text+0x46): undefined reference to `pthread_create'
/usr/bin/ld: src.c:(.text+0x52): undefined reference to `pthread_detach'
/usr/bin/ld: src.c:(.text+0x5e): undefined reference to `pthread_cancel'
/usr/bin/ld: src.c:(.text+0x6f): undefined reference to `pthread_join'
collect2: error: ld returned 1 exit status
make[1]: *** [CMakeFiles/cmTC_0c81d.dir/build.make:99: cmTC_0c81d] エラー 1
make[1]: ディレクトリ '/home/wxwxw/Documents/Speaking-AI/speaking/cmake-3.23.0/CMakeFiles/CMakeTmp' から出ます
make: *** [Makefile:127: cmTC_0c81d/fast] エラー 2


Source file was:
#include <pthread.h>

static void* test_func(void* data)
{
  return data;
}

int main(void)
{
  pthread_t thread;
  pthread_create(&thread, NULL, test_func, NULL);
  pthread_detach(thread);
  pthread_cancel(thread);
  pthread_join(thread, NULL);
  pthread_atfork(NULL, NULL, NULL);
  pthread_exit(NULL);

  return 0;
}

Determining if the function pthread_create exists in the pthreads failed with the following output:
Change Dir: /home/wxwxw/Documents/Speaking-AI/speaking/cmake-3.23.0/CMakeFiles/CMakeTmp

Run Build Command(s):/usr/bin/make -f Makefile cmTC_4782b/fast && make  -f CMakeFiles/cmTC_4782b.dir/build.make CMakeFiles/cmTC_4782b.dir/build
make[1]: ディレクトリ '/home/wxwxw/Documents/Speaking-AI/speaking/cmake-3.23.0/CMakeFiles/CMakeTmp' に入ります
Building C object CMakeFiles/cmTC_4782b.dir/CheckFunctionExists.c.o
/usr/bin/gcc   -DCHECK_FUNCTION_EXISTS=pthread_create -std=gnu11 -o CMakeFiles/cmTC_4782b.dir/CheckFunctionExists.c.o -c /home/wxwxw/Documents/Speaking-AI/speaking/cmake-3.23.0/Modules/CheckFunctionExists.c
Linking C executable cmTC_4782b
/home/wxwxw/Documents/Speaking-AI/speaking/cmake-3.23.0/Bootstrap.cmk/cmake -E cmake_link_script CMakeFiles/cmTC_4782b.dir/link.txt --verbose=1
/usr/bin/gcc  -DCHECK_FUNCTION_EXISTS=pthread_create CMakeFiles/cmTC_4782b.dir/CheckFunctionExists.c.o -o cmTC_4782b  -lpthreads 
/usr/bin/ld: -lpthreads が見つかりません
collect2: error: ld returned 1 exit status
make[1]: *** [CMakeFiles/cmTC_4782b.dir/build.make:99: cmTC_4782b] エラー 1
make[1]: ディレクトリ '/home/wxwxw/Documents/Speaking-AI/speaking/cmake-3.23.0/CMakeFiles/CMakeTmp' から出ます
make: *** [Makefile:127: cmTC_4782b/fast] エラー 2



Checking whether CXX compiler has environ in stdlib.h failed to compile with the following output:
Change Dir: /home/wxwxw/Documents/Speaking-AI/speaking/cmake-3.23.0/Source/kwsys/CMakeFiles/CMakeTmp

Run Build Command(s):/usr/bin/make -f Makefile cmTC_2d2a8/fast && make  -f CMakeFiles/cmTC_2d2a8.dir/build.make CMakeFiles/cmTC_2d2a8.dir/build
make[1]: ディレクトリ '/home/wxwxw/Documents/Speaking-AI/speaking/cmake-3.23.0/Source/kwsys/CMakeFiles/CMakeTmp' に入ります
Building CXX object CMakeFiles/cmTC_2d2a8.dir/kwsysPlatformTestsCXX.cxx.o
/usr/bin/g++ -DTEST_KWSYS_CXX_HAS_ENVIRON_IN_STDLIB_H  -std=gnu++17 -o CMakeFiles/cmTC_2d2a8.dir/kwsysPlatformTestsCXX.cxx.o -c /home/wxwxw/Documents/Speaking-AI/speaking/cmake-3.23.0/Source/kwsys/kwsysPlatformTestsCXX.cxx
/home/wxwxw/Documents/Speaking-AI/speaking/cmake-3.23.0/Source/kwsys/kwsysPlatformTestsCXX.cxx: In function ‘int main()’:
/home/wxwxw/Documents/Speaking-AI/speaking/cmake-3.23.0/Source/kwsys/kwsysPlatformTestsCXX.cxx:53:13: error: ‘environ’ was not declared in this scope; did you mean ‘union’?
   53 |   char* e = environ[0];
      |             ^~~~~~~
      |             union
make[1]: *** [CMakeFiles/cmTC_2d2a8.dir/build.make:78: CMakeFiles/cmTC_2d2a8.dir/kwsysPlatformTestsCXX.cxx.o] エラー 1
make[1]: ディレクトリ '/home/wxwxw/Documents/Speaking-AI/speaking/cmake-3.23.0/Source/kwsys/CMakeFiles/CMakeTmp' から出ます
make: *** [Makefile:127: cmTC_2d2a8/fast] エラー 2



Checking whether CXX compiler struct stat has st_mtimespec member failed to compile with the following output:
Change Dir: /home/wxwxw/Documents/Speaking-AI/speaking/cmake-3.23.0/Source/kwsys/CMakeFiles/CMakeTmp

Run Build Command(s):/usr/bin/make -f Makefile cmTC_38a12/fast && make  -f CMakeFiles/cmTC_38a12.dir/build.make CMakeFiles/cmTC_38a12.dir/build
make[1]: ディレクトリ '/home/wxwxw/Documents/Speaking-AI/speaking/cmake-3.23.0/Source/kwsys/CMakeFiles/CMakeTmp' に入ります
Building CXX object CMakeFiles/cmTC_38a12.dir/kwsysPlatformTestsCXX.cxx.o
/usr/bin/g++ -DTEST_KWSYS_CXX_STAT_HAS_ST_MTIMESPEC  -std=gnu++17 -o CMakeFiles/cmTC_38a12.dir/kwsysPlatformTestsCXX.cxx.o -c /home/wxwxw/Documents/Speaking-AI/speaking/cmake-3.23.0/Source/kwsys/kwsysPlatformTestsCXX.cxx
/home/wxwxw/Documents/Speaking-AI/speaking/cmake-3.23.0/Source/kwsys/kwsysPlatformTestsCXX.cxx: In function ‘int main()’:
/home/wxwxw/Documents/Speaking-AI/speaking/cmake-3.23.0/Source/kwsys/kwsysPlatformTestsCXX.cxx:26:15: error: ‘struct stat’ has no member named ‘st_mtimespec’
   26 |   (void)stat1.st_mtimespec.tv_sec;
      |               ^~~~~~~~~~~~
/home/wxwxw/Documents/Speaking-AI/speaking/cmake-3.23.0/Source/kwsys/kwsysPlatformTestsCXX.cxx:27:15: error: ‘struct stat’ has no member named ‘st_mtimespec’
   27 |   (void)stat1.st_mtimespec.tv_nsec;
      |               ^~~~~~~~~~~~
make[1]: *** [CMakeFiles/cmTC_38a12.dir/build.make:78: CMakeFiles/cmTC_38a12.dir/kwsysPlatformTestsCXX.cxx.o] エラー 1
make[1]: ディレクトリ '/home/wxwxw/Documents/Speaking-AI/speaking/cmake-3.23.0/Source/kwsys/CMakeFiles/CMakeTmp' から出ます
make: *** [Makefile:127: cmTC_38a12/fast] エラー 2



Determining if the function connect exists in the socket;dl failed with the following output:
Change Dir: /home/wxwxw/Documents/Speaking-AI/speaking/cmake-3.23.0/CMakeFiles/CMakeTmp

Run Build Command(s):/usr/bin/make -f Makefile cmTC_f3a4a/fast && make  -f CMakeFiles/cmTC_f3a4a.dir/build.make CMakeFiles/cmTC_f3a4a.dir/build
make[1]: ディレクトリ '/home/wxwxw/Documents/Speaking-AI/speaking/cmake-3.23.0/CMakeFiles/CMakeTmp' に入ります
Building C object CMakeFiles/cmTC_f3a4a.dir/CheckFunctionExists.c.o
/usr/bin/gcc   -w -DCHECK_FUNCTION_EXISTS=connect -std=gnu11 -o CMakeFiles/cmTC_f3a4a.dir/CheckFunctionExists.c.o -c /home/wxwxw/Documents/Speaking-AI/speaking/cmake-3.23.0/Modules/CheckFunctionExists.c
Linking C executable cmTC_f3a4a
/home/wxwxw/Documents/Speaking-AI/speaking/cmake-3.23.0/Bootstrap.cmk/cmake -E cmake_link_script CMakeFiles/cmTC_f3a4a.dir/link.txt --verbose=1
/usr/bin/gcc  -w -DCHECK_FUNCTION_EXISTS=connect CMakeFiles/cmTC_f3a4a.dir/CheckFunctionExists.c.o -o cmTC_f3a4a  -lsocket -ldl 
/usr/bin/ld: -lsocket が見つかりません
collect2: error: ld returned 1 exit status
make[1]: *** [CMakeFiles/cmTC_f3a4a.dir/build.make:99: cmTC_f3a4a] エラー 1
make[1]: ディレクトリ '/home/wxwxw/Documents/Speaking-AI/speaking/cmake-3.23.0/CMakeFiles/CMakeTmp' から出ます
make: *** [Makefile:127: cmTC_f3a4a/fast] エラー 2



Determining if the function recv exists in the network;dl failed with the following output:
Change Dir: /home/wxwxw/Documents/Speaking-AI/speaking/cmake-3.23.0/CMakeFiles/CMakeTmp

Run Build Command(s):/usr/bin/make -f Makefile cmTC_806fe/fast && make  -f CMakeFiles/cmTC_806fe.dir/build.make CMakeFiles/cmTC_806fe.dir/build
make[1]: ディレクトリ '/home/wxwxw/Documents/Speaking-AI/speaking/cmake-3.23.0/CMakeFiles/CMakeTmp' に入ります
Building C object CMakeFiles/cmTC_806fe.dir/CheckFunctionExists.c.o
/usr/bin/gcc   -w -DCHECK_FUNCTION_EXISTS=recv -std=gnu11 -o CMakeFiles/cmTC_806fe.dir/CheckFunctionExists.c.o -c /home/wxwxw/Documents/Speaking-AI/speaking/cmake-3.23.0/Modules/CheckFunctionExists.c
Linking C executable cmTC_806fe
/home/wxwxw/Documents/Speaking-AI/speaking/cmake-3.23.0/Bootstrap.cmk/cmake -E cmake_link_script CMakeFiles/cmTC_806fe.dir/link.txt --verbose=1
/usr/bin/gcc  -w -DCHECK_FUNCTION_EXISTS=recv CMakeFiles/cmTC_806fe.dir/CheckFunctionExists.c.o -o cmTC_806fe  -lnetwork -ldl 
/usr/bin/ld: -lnetwork が見つかりません
collect2: error: ld returned 1 exit status
make[1]: *** [CMakeFiles/cmTC_806fe.dir/build.make:99: cmTC_806fe] エラー 1
make[1]: ディレクトリ '/home/wxwxw/Documents/Speaking-AI/speaking/cmake-3.23.0/CMakeFiles/CMakeTmp' から出ます
make: *** [Makefile:127: cmTC_806fe/fast] エラー 2



