The system is: Linux - 5.4.0-105-generic - x86_64
Compiling the C compiler identification source file "CMakeCCompilerId.c" succeeded.
Compiler: /usr/bin/gcc 
Build flags: 
Id flags:  

The output was:
0


Compilation of the C compiler identification source "CMakeCCompilerId.c" produced "a.out"

The C compiler identification is GNU, found in "/home/wxwxw/Documents/Speaking-AI/speaking/cmake-3.23.0/CMakeFiles/3.23.0/CompilerIdC/a.out"

Compiling the CXX compiler identification source file "CMakeCXXCompilerId.cpp" succeeded.
Compiler: /usr/bin/g++ 
Build flags: 
Id flags:  

The output was:
0


Compilation of the CXX compiler identification source "CMakeCXXCompilerId.cpp" produced "a.out"

The CXX compiler identification is GNU, found in "/home/wxwxw/Documents/Speaking-AI/speaking/cmake-3.23.0/CMakeFiles/3.23.0/CompilerIdCXX/a.out"

Detecting C compiler ABI info compiled with the following output:
Change Dir: /home/wxwxw/Documents/Speaking-AI/speaking/cmake-3.23.0/CMakeFiles/CMakeTmp

Run Build Command(s):/usr/bin/make -f Makefile cmTC_6233f/fast && make  -f CMakeFiles/cmTC_6233f.dir/build.make CMakeFiles/cmTC_6233f.dir/build
make[1]: Entering directory '/home/wxwxw/Documents/Speaking-AI/speaking/cmake-3.23.0/CMakeFiles/CMakeTmp'
Building C object CMakeFiles/cmTC_6233f.dir/CMakeCCompilerABI.c.o
/usr/bin/gcc   -v -o CMakeFiles/cmTC_6233f.dir/CMakeCCompilerABI.c.o -c /home/wxwxw/Documents/Speaking-AI/speaking/cmake-3.23.0/Modules/CMakeCCompilerABI.c
Using built-in specs.
COLLECT_GCC=/usr/bin/gcc
OFFLOAD_TARGET_NAMES=nvptx-none:hsa
OFFLOAD_TARGET_DEFAULT=1
Target: x86_64-linux-gnu
Configured with: ../src/configure -v --with-pkgversion='Ubuntu 9.4.0-1ubuntu1~20.04.1' --with-bugurl=file:///usr/share/doc/gcc-9/README.Bugs --enable-languages=c,ada,c++,go,brig,d,fortran,objc,obj-c++,gm2 --prefix=/usr --with-gcc-major-version-only --program-suffix=-9 --program-prefix=x86_64-linux-gnu- --enable-shared --enable-linker-build-id --libexecdir=/usr/lib --without-included-gettext --enable-threads=posix --libdir=/usr/lib --enable-nls --enable-clocale=gnu --enable-libstdcxx-debug --enable-libstdcxx-time=yes --with-default-libstdcxx-abi=new --enable-gnu-unique-object --disable-vtable-verify --enable-plugin --enable-default-pie --with-system-zlib --with-target-system-zlib=auto --enable-objc-gc=auto --enable-multiarch --disable-werror --with-arch-32=i686 --with-abi=m64 --with-multilib-list=m32,m64,mx32 --enable-multilib --with-tune=generic --enable-offload-targets=nvptx-none=/build/gcc-9-Av3uEd/gcc-9-9.4.0/debian/tmp-nvptx/usr,hsa --without-cuda-driver --enable-checking=release --build=x86_64-linux-gnu --host=x86_64-linux-gnu --target=x86_64-linux-gnu
Thread model: posix
gcc version 9.4.0 (Ubuntu 9.4.0-1ubuntu1~20.04.1) 
COLLECT_GCC_OPTIONS='-v' '-o' 'CMakeFiles/cmTC_6233f.dir/CMakeCCompilerABI.c.o' '-c' '-mtune=generic' '-march=x86-64'
 /usr/lib/gcc/x86_64-linux-gnu/9/cc1 -quiet -v -imultiarch x86_64-linux-gnu /home/wxwxw/Documents/Speaking-AI/speaking/cmake-3.23.0/Modules/CMakeCCompilerABI.c -quiet -dumpbase CMakeCCompilerABI.c -mtune=generic -march=x86-64 -auxbase-strip CMakeFiles/cmTC_6233f.dir/CMakeCCompilerABI.c.o -version -fasynchronous-unwind-tables -fstack-protector-strong -Wformat -Wformat-security -fstack-clash-protection -fcf-protection -o /tmp/ccsgdp7N.s
GNU C17 (Ubuntu 9.4.0-1ubuntu1~20.04.1) version 9.4.0 (x86_64-linux-gnu)
	compiled by GNU C version 9.4.0, GMP version 6.2.0, MPFR version 4.0.2, MPC version 1.1.0, isl version isl-0.22.1-GMP

GGC heuristics: --param ggc-min-expand=100 --param ggc-min-heapsize=131072
ignoring nonexistent directory "/usr/local/include/x86_64-linux-gnu"
ignoring nonexistent directory "/usr/lib/gcc/x86_64-linux-gnu/9/include-fixed"
ignoring nonexistent directory "/usr/lib/gcc/x86_64-linux-gnu/9/../../../../x86_64-linux-gnu/include"
#include "..." search starts here:
#include <...> search starts here:
 /usr/lib/gcc/x86_64-linux-gnu/9/include
 /usr/local/include
 /usr/include/x86_64-linux-gnu
 /usr/include
End of search list.
GNU C17 (Ubuntu 9.4.0-1ubuntu1~20.04.1) version 9.4.0 (x86_64-linux-gnu)
	compiled by GNU C version 9.4.0, GMP version 6.2.0, MPFR version 4.0.2, MPC version 1.1.0, isl version isl-0.22.1-GMP

GGC heuristics: --param ggc-min-expand=100 --param ggc-min-heapsize=131072
Compiler executable checksum: c0c95c0b4209efec1c1892d5ff24030b
COLLECT_GCC_OPTIONS='-v' '-o' 'CMakeFiles/cmTC_6233f.dir/CMakeCCompilerABI.c.o' '-c' '-mtune=generic' '-march=x86-64'
 as -v --64 -o CMakeFiles/cmTC_6233f.dir/CMakeCCompilerABI.c.o /tmp/ccsgdp7N.s
GNU assembler version 2.34 (x86_64-linux-gnu) using BFD version (GNU Binutils for Ubuntu) 2.34
COMPILER_PATH=/usr/lib/gcc/x86_64-linux-gnu/9/:/usr/lib/gcc/x86_64-linux-gnu/9/:/usr/lib/gcc/x86_64-linux-gnu/:/usr/lib/gcc/x86_64-linux-gnu/9/:/usr/lib/gcc/x86_64-linux-gnu/
LIBRARY_PATH=/usr/lib/gcc/x86_64-linux-gnu/9/:/usr/lib/gcc/x86_64-linux-gnu/9/../../../x86_64-linux-gnu/:/usr/lib/gcc/x86_64-linux-gnu/9/../../../../lib/:/lib/x86_64-linux-gnu/:/lib/../lib/:/usr/lib/x86_64-linux-gnu/:/usr/lib/../lib/:/usr/lib/gcc/x86_64-linux-gnu/9/../../../:/lib/:/usr/lib/
COLLECT_GCC_OPTIONS='-v' '-o' 'CMakeFiles/cmTC_6233f.dir/CMakeCCompilerABI.c.o' '-c' '-mtune=generic' '-march=x86-64'
Linking C executable cmTC_6233f
/home/wxwxw/Documents/Speaking-AI/speaking/cmake-3.23.0/Bootstrap.cmk/cmake -E cmake_link_script CMakeFiles/cmTC_6233f.dir/link.txt --verbose=1
/usr/bin/gcc  -v CMakeFiles/cmTC_6233f.dir/CMakeCCompilerABI.c.o -o cmTC_6233f 
Using built-in specs.
COLLECT_GCC=/usr/bin/gcc
COLLECT_LTO_WRAPPER=/usr/lib/gcc/x86_64-linux-gnu/9/lto-wrapper
OFFLOAD_TARGET_NAMES=nvptx-none:hsa
OFFLOAD_TARGET_DEFAULT=1
Target: x86_64-linux-gnu
Configured with: ../src/configure -v --with-pkgversion='Ubuntu 9.4.0-1ubuntu1~20.04.1' --with-bugurl=file:///usr/share/doc/gcc-9/README.Bugs --enable-languages=c,ada,c++,go,brig,d,fortran,objc,obj-c++,gm2 --prefix=/usr --with-gcc-major-version-only --program-suffix=-9 --program-prefix=x86_64-linux-gnu- --enable-shared --enable-linker-build-id --libexecdir=/usr/lib --without-included-gettext --enable-threads=posix --libdir=/usr/lib --enable-nls --enable-clocale=gnu --enable-libstdcxx-debug --enable-libstdcxx-time=yes --with-default-libstdcxx-abi=new --enable-gnu-unique-object --disable-vtable-verify --enable-plugin --enable-default-pie --with-system-zlib --with-target-system-zlib=auto --enable-objc-gc=auto --enable-multiarch --disable-werror --with-arch-32=i686 --with-abi=m64 --with-multilib-list=m32,m64,mx32 --enable-multilib --with-tune=generic --enable-offload-targets=nvptx-none=/build/gcc-9-Av3uEd/gcc-9-9.4.0/debian/tmp-nvptx/usr,hsa --without-cuda-driver --enable-checking=release --build=x86_64-linux-gnu --host=x86_64-linux-gnu --target=x86_64-linux-gnu
Thread model: posix
gcc version 9.4.0 (Ubuntu 9.4.0-1ubuntu1~20.04.1) 
COMPILER_PATH=/usr/lib/gcc/x86_64-linux-gnu/9/:/usr/lib/gcc/x86_64-linux-gnu/9/:/usr/lib/gcc/x86_64-linux-gnu/:/usr/lib/gcc/x86_64-linux-gnu/9/:/usr/lib/gcc/x86_64-linux-gnu/
LIBRARY_PATH=/usr/lib/gcc/x86_64-linux-gnu/9/:/usr/lib/gcc/x86_64-linux-gnu/9/../../../x86_64-linux-gnu/:/usr/lib/gcc/x86_64-linux-gnu/9/../../../../lib/:/lib/x86_64-linux-gnu/:/lib/../lib/:/usr/lib/x86_64-linux-gnu/:/usr/lib/../lib/:/usr/lib/gcc/x86_64-linux-gnu/9/../../../:/lib/:/usr/lib/
COLLECT_GCC_OPTIONS='-v' '-o' 'cmTC_6233f' '-mtune=generic' '-march=x86-64'
 /usr/lib/gcc/x86_64-linux-gnu/9/collect2 -plugin /usr/lib/gcc/x86_64-linux-gnu/9/liblto_plugin.so -plugin-opt=/usr/lib/gcc/x86_64-linux-gnu/9/lto-wrapper -plugin-opt=-fresolution=/tmp/ccjJHdFf.res -plugin-opt=-pass-through=-lgcc -plugin-opt=-pass-through=-lgcc_s -plugin-opt=-pass-through=-lc -plugin-opt=-pass-through=-lgcc -plugin-opt=-pass-through=-lgcc_s --build-id --eh-frame-hdr -m elf_x86_64 --hash-style=gnu --as-needed -dynamic-linker /lib64/ld-linux-x86-64.so.2 -pie -z now -z relro -o cmTC_6233f /usr/lib/gcc/x86_64-linux-gnu/9/../../../x86_64-linux-gnu/Scrt1.o /usr/lib/gcc/x86_64-linux-gnu/9/../../../x86_64-linux-gnu/crti.o /usr/lib/gcc/x86_64-linux-gnu/9/crtbeginS.o -L/usr/lib/gcc/x86_64-linux-gnu/9 -L/usr/lib/gcc/x86_64-linux-gnu/9/../../../x86_64-linux-gnu -L/usr/lib/gcc/x86_64-linux-gnu/9/../../../../lib -L/lib/x86_64-linux-gnu -L/lib/../lib -L/usr/lib/x86_64-linux-gnu -L/usr/lib/../lib -L/usr/lib/gcc/x86_64-linux-gnu/9/../../.. CMakeFiles/cmTC_6233f.dir/CMakeCCompilerABI.c.o -lgcc --push-state --as-needed -lgcc_s --pop-state -lc -lgcc --push-state --as-needed -lgcc_s --pop-state /usr/lib/gcc/x86_64-linux-gnu/9/crtendS.o /usr/lib/gcc/x86_64-linux-gnu/9/../../../x86_64-linux-gnu/crtn.o
COLLECT_GCC_OPTIONS='-v' '-o' 'cmTC_6233f' '-mtune=generic' '-march=x86-64'
make[1]: Leaving directory '/home/wxwxw/Documents/Speaking-AI/speaking/cmake-3.23.0/CMakeFiles/CMakeTmp'



Parsed C implicit include dir info from above output: rv=done
  found start of include info
  found start of implicit include info
    add: [/usr/lib/gcc/x86_64-linux-gnu/9/include]
    add: [/usr/local/include]
    add: [/usr/include/x86_64-linux-gnu]
    add: [/usr/include]
  end of search list found
  collapse include dir [/usr/lib/gcc/x86_64-linux-gnu/9/include] ==> [/usr/lib/gcc/x86_64-linux-gnu/9/include]
  collapse include dir [/usr/local/include] ==> [/usr/local/include]
  collapse include dir [/usr/include/x86_64-linux-gnu] ==> [/usr/include/x86_64-linux-gnu]
  collapse include dir [/usr/include] ==> [/usr/include]
  implicit include dirs: [/usr/lib/gcc/x86_64-linux-gnu/9/include;/usr/local/include;/usr/include/x86_64-linux-gnu;/usr/include]


Parsed C implicit link information from above output:
  link line regex: [^( *|.*[/\])(ld|CMAKE_LINK_STARTFILE-NOTFOUND|([^/\]+-)?ld|collect2)[^/\]*( |$)]
  ignore line: [Change Dir: /home/wxwxw/Documents/Speaking-AI/speaking/cmake-3.23.0/CMakeFiles/CMakeTmp]
  ignore line: []
  ignore line: [Run Build Command(s):/usr/bin/make -f Makefile cmTC_6233f/fast && make  -f CMakeFiles/cmTC_6233f.dir/build.make CMakeFiles/cmTC_6233f.dir/build]
  ignore line: [make[1]: Entering directory '/home/wxwxw/Documents/Speaking-AI/speaking/cmake-3.23.0/CMakeFiles/CMakeTmp']
  ignore line: [Building C object CMakeFiles/cmTC_6233f.dir/CMakeCCompilerABI.c.o]
  ignore line: [/usr/bin/gcc   -v -o CMakeFiles/cmTC_6233f.dir/CMakeCCompilerABI.c.o -c /home/wxwxw/Documents/Speaking-AI/speaking/cmake-3.23.0/Modules/CMakeCCompilerABI.c]
  ignore line: [Using built-in specs.]
  ignore line: [COLLECT_GCC=/usr/bin/gcc]
  ignore line: [OFFLOAD_TARGET_NAMES=nvptx-none:hsa]
  ignore line: [OFFLOAD_TARGET_DEFAULT=1]
  ignore line: [Target: x86_64-linux-gnu]
  ignore line: [Configured with: ../src/configure -v --with-pkgversion='Ubuntu 9.4.0-1ubuntu1~20.04.1' --with-bugurl=file:///usr/share/doc/gcc-9/README.Bugs --enable-languages=c ada c++ go brig d fortran objc obj-c++ gm2 --prefix=/usr --with-gcc-major-version-only --program-suffix=-9 --program-prefix=x86_64-linux-gnu- --enable-shared --enable-linker-build-id --libexecdir=/usr/lib --without-included-gettext --enable-threads=posix --libdir=/usr/lib --enable-nls --enable-clocale=gnu --enable-libstdcxx-debug --enable-libstdcxx-time=yes --with-default-libstdcxx-abi=new --enable-gnu-unique-object --disable-vtable-verify --enable-plugin --enable-default-pie --with-system-zlib --with-target-system-zlib=auto --enable-objc-gc=auto --enable-multiarch --disable-werror --with-arch-32=i686 --with-abi=m64 --with-multilib-list=m32 m64 mx32 --enable-multilib --with-tune=generic --enable-offload-targets=nvptx-none=/build/gcc-9-Av3uEd/gcc-9-9.4.0/debian/tmp-nvptx/usr hsa --without-cuda-driver --enable-checking=release --build=x86_64-linux-gnu --host=x86_64-linux-gnu --target=x86_64-linux-gnu]
  ignore line: [Thread model: posix]
  ignore line: [gcc version 9.4.0 (Ubuntu 9.4.0-1ubuntu1~20.04.1) ]
  ignore line: [COLLECT_GCC_OPTIONS='-v' '-o' 'CMakeFiles/cmTC_6233f.dir/CMakeCCompilerABI.c.o' '-c' '-mtune=generic' '-march=x86-64']
  ignore line: [ /usr/lib/gcc/x86_64-linux-gnu/9/cc1 -quiet -v -imultiarch x86_64-linux-gnu /home/wxwxw/Documents/Speaking-AI/speaking/cmake-3.23.0/Modules/CMakeCCompilerABI.c -quiet -dumpbase CMakeCCompilerABI.c -mtune=generic -march=x86-64 -auxbase-strip CMakeFiles/cmTC_6233f.dir/CMakeCCompilerABI.c.o -version -fasynchronous-unwind-tables -fstack-protector-strong -Wformat -Wformat-security -fstack-clash-protection -fcf-protection -o /tmp/ccsgdp7N.s]
  ignore line: [GNU C17 (Ubuntu 9.4.0-1ubuntu1~20.04.1) version 9.4.0 (x86_64-linux-gnu)]
  ignore line: [	compiled by GNU C version 9.4.0  GMP version 6.2.0  MPFR version 4.0.2  MPC version 1.1.0  isl version isl-0.22.1-GMP]
  ignore line: []
  ignore line: [GGC heuristics: --param ggc-min-expand=100 --param ggc-min-heapsize=131072]
  ignore line: [ignoring nonexistent directory "/usr/local/include/x86_64-linux-gnu"]
  ignore line: [ignoring nonexistent directory "/usr/lib/gcc/x86_64-linux-gnu/9/include-fixed"]
  ignore line: [ignoring nonexistent directory "/usr/lib/gcc/x86_64-linux-gnu/9/../../../../x86_64-linux-gnu/include"]
  ignore line: [#include "..." search starts here:]
  ignore line: [#include <...> search starts here:]
  ignore line: [ /usr/lib/gcc/x86_64-linux-gnu/9/include]
  ignore line: [ /usr/local/include]
  ignore line: [ /usr/include/x86_64-linux-gnu]
  ignore line: [ /usr/include]
  ignore line: [End of search list.]
  ignore line: [GNU C17 (Ubuntu 9.4.0-1ubuntu1~20.04.1) version 9.4.0 (x86_64-linux-gnu)]
  ignore line: [	compiled by GNU C version 9.4.0  GMP version 6.2.0  MPFR version 4.0.2  MPC version 1.1.0  isl version isl-0.22.1-GMP]
  ignore line: []
  ignore line: [GGC heuristics: --param ggc-min-expand=100 --param ggc-min-heapsize=131072]
  ignore line: [Compiler executable checksum: c0c95c0b4209efec1c1892d5ff24030b]
  ignore line: [COLLECT_GCC_OPTIONS='-v' '-o' 'CMakeFiles/cmTC_6233f.dir/CMakeCCompilerABI.c.o' '-c' '-mtune=generic' '-march=x86-64']
  ignore line: [ as -v --64 -o CMakeFiles/cmTC_6233f.dir/CMakeCCompilerABI.c.o /tmp/ccsgdp7N.s]
  ignore line: [GNU assembler version 2.34 (x86_64-linux-gnu) using BFD version (GNU Binutils for Ubuntu) 2.34]
  ignore line: [COMPILER_PATH=/usr/lib/gcc/x86_64-linux-gnu/9/:/usr/lib/gcc/x86_64-linux-gnu/9/:/usr/lib/gcc/x86_64-linux-gnu/:/usr/lib/gcc/x86_64-linux-gnu/9/:/usr/lib/gcc/x86_64-linux-gnu/]
  ignore line: [LIBRARY_PATH=/usr/lib/gcc/x86_64-linux-gnu/9/:/usr/lib/gcc/x86_64-linux-gnu/9/../../../x86_64-linux-gnu/:/usr/lib/gcc/x86_64-linux-gnu/9/../../../../lib/:/lib/x86_64-linux-gnu/:/lib/../lib/:/usr/lib/x86_64-linux-gnu/:/usr/lib/../lib/:/usr/lib/gcc/x86_64-linux-gnu/9/../../../:/lib/:/usr/lib/]
  ignore line: [COLLECT_GCC_OPTIONS='-v' '-o' 'CMakeFiles/cmTC_6233f.dir/CMakeCCompilerABI.c.o' '-c' '-mtune=generic' '-march=x86-64']
  ignore line: [Linking C executable cmTC_6233f]
  ignore line: [/home/wxwxw/Documents/Speaking-AI/speaking/cmake-3.23.0/Bootstrap.cmk/cmake -E cmake_link_script CMakeFiles/cmTC_6233f.dir/link.txt --verbose=1]
  ignore line: [/usr/bin/gcc  -v CMakeFiles/cmTC_6233f.dir/CMakeCCompilerABI.c.o -o cmTC_6233f ]
  ignore line: [Using built-in specs.]
  ignore line: [COLLECT_GCC=/usr/bin/gcc]
  ignore line: [COLLECT_LTO_WRAPPER=/usr/lib/gcc/x86_64-linux-gnu/9/lto-wrapper]
  ignore line: [OFFLOAD_TARGET_NAMES=nvptx-none:hsa]
  ignore line: [OFFLOAD_TARGET_DEFAULT=1]
  ignore line: [Target: x86_64-linux-gnu]
  ignore line: [Configured with: ../src/configure -v --with-pkgversion='Ubuntu 9.4.0-1ubuntu1~20.04.1' --with-bugurl=file:///usr/share/doc/gcc-9/README.Bugs --enable-languages=c ada c++ go brig d fortran objc obj-c++ gm2 --prefix=/usr --with-gcc-major-version-only --program-suffix=-9 --program-prefix=x86_64-linux-gnu- --enable-shared --enable-linker-build-id --libexecdir=/usr/lib --without-included-gettext --enable-threads=posix --libdir=/usr/lib --enable-nls --enable-clocale=gnu --enable-libstdcxx-debug --enable-libstdcxx-time=yes --with-default-libstdcxx-abi=new --enable-gnu-unique-object --disable-vtable-verify --enable-plugin --enable-default-pie --with-system-zlib --with-target-system-zlib=auto --enable-objc-gc=auto --enable-multiarch --disable-werror --with-arch-32=i686 --with-abi=m64 --with-multilib-list=m32 m64 mx32 --enable-multilib --with-tune=generic --enable-offload-targets=nvptx-none=/build/gcc-9-Av3uEd/gcc-9-9.4.0/debian/tmp-nvptx/usr hsa --without-cuda-driver --enable-checking=release --build=x86_64-linux-gnu --host=x86_64-linux-gnu --target=x86_64-linux-gnu]
  ignore line: [Thread model: posix]
  ignore line: [gcc version 9.4.0 (Ubuntu 9.4.0-1ubuntu1~20.04.1) ]
  ignore line: [COMPILER_PATH=/usr/lib/gcc/x86_64-linux-gnu/9/:/usr/lib/gcc/x86_64-linux-gnu/9/:/usr/lib/gcc/x86_64-linux-gnu/:/usr/lib/gcc/x86_64-linux-gnu/9/:/usr/lib/gcc/x86_64-linux-gnu/]
  ignore line: [LIBRARY_PATH=/usr/lib/gcc/x86_64-linux-gnu/9/:/usr/lib/gcc/x86_64-linux-gnu/9/../../../x86_64-linux-gnu/:/usr/lib/gcc/x86_64-linux-gnu/9/../../../../lib/:/lib/x86_64-linux-gnu/:/lib/../lib/:/usr/lib/x86_64-linux-gnu/:/usr/lib/../lib/:/usr/lib/gcc/x86_64-linux-gnu/9/../../../:/lib/:/usr/lib/]
  ignore line: [COLLECT_GCC_OPTIONS='-v' '-o' 'cmTC_6233f' '-mtune=generic' '-march=x86-64']
  link line: [ /usr/lib/gcc/x86_64-linux-gnu/9/collect2 -plugin /usr/lib/gcc/x86_64-linux-gnu/9/liblto_plugin.so -plugin-opt=/usr/lib/gcc/x86_64-linux-gnu/9/lto-wrapper -plugin-opt=-fresolution=/tmp/ccjJHdFf.res -plugin-opt=-pass-through=-lgcc -plugin-opt=-pass-through=-lgcc_s -plugin-opt=-pass-through=-lc -plugin-opt=-pass-through=-lgcc -plugin-opt=-pass-through=-lgcc_s --build-id --eh-frame-hdr -m elf_x86_64 --hash-style=gnu --as-needed -dynamic-linker /lib64/ld-linux-x86-64.so.2 -pie -z now -z relro -o cmTC_6233f /usr/lib/gcc/x86_64-linux-gnu/9/../../../x86_64-linux-gnu/Scrt1.o /usr/lib/gcc/x86_64-linux-gnu/9/../../../x86_64-linux-gnu/crti.o /usr/lib/gcc/x86_64-linux-gnu/9/crtbeginS.o -L/usr/lib/gcc/x86_64-linux-gnu/9 -L/usr/lib/gcc/x86_64-linux-gnu/9/../../../x86_64-linux-gnu -L/usr/lib/gcc/x86_64-linux-gnu/9/../../../../lib -L/lib/x86_64-linux-gnu -L/lib/../lib -L/usr/lib/x86_64-linux-gnu -L/usr/lib/../lib -L/usr/lib/gcc/x86_64-linux-gnu/9/../../.. CMakeFiles/cmTC_6233f.dir/CMakeCCompilerABI.c.o -lgcc --push-state --as-needed -lgcc_s --pop-state -lc -lgcc --push-state --as-needed -lgcc_s --pop-state /usr/lib/gcc/x86_64-linux-gnu/9/crtendS.o /usr/lib/gcc/x86_64-linux-gnu/9/../../../x86_64-linux-gnu/crtn.o]
    arg [/usr/lib/gcc/x86_64-linux-gnu/9/collect2] ==> ignore
    arg [-plugin] ==> ignore
    arg [/usr/lib/gcc/x86_64-linux-gnu/9/liblto_plugin.so] ==> ignore
    arg [-plugin-opt=/usr/lib/gcc/x86_64-linux-gnu/9/lto-wrapper] ==> ignore
    arg [-plugin-opt=-fresolution=/tmp/ccjJHdFf.res] ==> ignore
    arg [-plugin-opt=-pass-through=-lgcc] ==> ignore
    arg [-plugin-opt=-pass-through=-lgcc_s] ==> ignore
    arg [-plugin-opt=-pass-through=-lc] ==> ignore
    arg [-plugin-opt=-pass-through=-lgcc] ==> ignore
    arg [-plugin-opt=-pass-through=-lgcc_s] ==> ignore
    arg [--build-id] ==> ignore
    arg [--eh-frame-hdr] ==> ignore
    arg [-m] ==> ignore
    arg [elf_x86_64] ==> ignore
    arg [--hash-style=gnu] ==> ignore
    arg [--as-needed] ==> ignore
    arg [-dynamic-linker] ==> ignore
    arg [/lib64/ld-linux-x86-64.so.2] ==> ignore
    arg [-pie] ==> ignore
    arg [-znow] ==> ignore
    arg [-zrelro] ==> ignore
    arg [-o] ==> ignore
    arg [cmTC_6233f] ==> ignore
    arg [/usr/lib/gcc/x86_64-linux-gnu/9/../../../x86_64-linux-gnu/Scrt1.o] ==> obj [/usr/lib/gcc/x86_64-linux-gnu/9/../../../x86_64-linux-gnu/Scrt1.o]
    arg [/usr/lib/gcc/x86_64-linux-gnu/9/../../../x86_64-linux-gnu/crti.o] ==> obj [/usr/lib/gcc/x86_64-linux-gnu/9/../../../x86_64-linux-gnu/crti.o]
    arg [/usr/lib/gcc/x86_64-linux-gnu/9/crtbeginS.o] ==> obj [/usr/lib/gcc/x86_64-linux-gnu/9/crtbeginS.o]
    arg [-L/usr/lib/gcc/x86_64-linux-gnu/9] ==> dir [/usr/lib/gcc/x86_64-linux-gnu/9]
    arg [-L/usr/lib/gcc/x86_64-linux-gnu/9/../../../x86_64-linux-gnu] ==> dir [/usr/lib/gcc/x86_64-linux-gnu/9/../../../x86_64-linux-gnu]
    arg [-L/usr/lib/gcc/x86_64-linux-gnu/9/../../../../lib] ==> dir [/usr/lib/gcc/x86_64-linux-gnu/9/../../../../lib]
    arg [-L/lib/x86_64-linux-gnu] ==> dir [/lib/x86_64-linux-gnu]
    arg [-L/lib/../lib] ==> dir [/lib/../lib]
    arg [-L/usr/lib/x86_64-linux-gnu] ==> dir [/usr/lib/x86_64-linux-gnu]
    arg [-L/usr/lib/../lib] ==> dir [/usr/lib/../lib]
    arg [-L/usr/lib/gcc/x86_64-linux-gnu/9/../../..] ==> dir [/usr/lib/gcc/x86_64-linux-gnu/9/../../..]
    arg [CMakeFiles/cmTC_6233f.dir/CMakeCCompilerABI.c.o] ==> ignore
    arg [-lgcc] ==> lib [gcc]
    arg [--push-state] ==> ignore
    arg [--as-needed] ==> ignore
    arg [-lgcc_s] ==> lib [gcc_s]
    arg [--pop-state] ==> ignore
    arg [-lc] ==> lib [c]
    arg [-lgcc] ==> lib [gcc]
    arg [--push-state] ==> ignore
    arg [--as-needed] ==> ignore
    arg [-lgcc_s] ==> lib [gcc_s]
    arg [--pop-state] ==> ignore
    arg [/usr/lib/gcc/x86_64-linux-gnu/9/crtendS.o] ==> obj [/usr/lib/gcc/x86_64-linux-gnu/9/crtendS.o]
    arg [/usr/lib/gcc/x86_64-linux-gnu/9/../../../x86_64-linux-gnu/crtn.o] ==> obj [/usr/lib/gcc/x86_64-linux-gnu/9/../../../x86_64-linux-gnu/crtn.o]
  collapse obj [/usr/lib/gcc/x86_64-linux-gnu/9/../../../x86_64-linux-gnu/Scrt1.o] ==> [/usr/lib/x86_64-linux-gnu/Scrt1.o]
  collapse obj [/usr/lib/gcc/x86_64-linux-gnu/9/../../../x86_64-linux-gnu/crti.o] ==> [/usr/lib/x86_64-linux-gnu/crti.o]
  collapse obj [/usr/lib/gcc/x86_64-linux-gnu/9/../../../x86_64-linux-gnu/crtn.o] ==> [/usr/lib/x86_64-linux-gnu/crtn.o]
  collapse library dir [/usr/lib/gcc/x86_64-linux-gnu/9] ==> [/usr/lib/gcc/x86_64-linux-gnu/9]
  collapse library dir [/usr/lib/gcc/x86_64-linux-gnu/9/../../../x86_64-linux-gnu] ==> [/usr/lib/x86_64-linux-gnu]
  collapse library dir [/usr/lib/gcc/x86_64-linux-gnu/9/../../../../lib] ==> [/usr/lib]
  collapse library dir [/lib/x86_64-linux-gnu] ==> [/lib/x86_64-linux-gnu]
  collapse library dir [/lib/../lib] ==> [/lib]
  collapse library dir [/usr/lib/x86_64-linux-gnu] ==> [/usr/lib/x86_64-linux-gnu]
  collapse library dir [/usr/lib/../lib] ==> [/usr/lib]
  collapse library dir [/usr/lib/gcc/x86_64-linux-gnu/9/../../..] ==> [/usr/lib]
  implicit libs: [gcc;gcc_s;c;gcc;gcc_s]
  implicit objs: [/usr/lib/x86_64-linux-gnu/Scrt1.o;/usr/lib/x86_64-linux-gnu/crti.o;/usr/lib/gcc/x86_64-linux-gnu/9/crtbeginS.o;/usr/lib/gcc/x86_64-linux-gnu/9/crtendS.o;/usr/lib/x86_64-linux-gnu/crtn.o]
  implicit dirs: [/usr/lib/gcc/x86_64-linux-gnu/9;/usr/lib/x86_64-linux-gnu;/usr/lib;/lib/x86_64-linux-gnu;/lib]
  implicit fwks: []


Detecting CXX compiler ABI info compiled with the following output:
Change Dir: /home/wxwxw/Documents/Speaking-AI/speaking/cmake-3.23.0/CMakeFiles/CMakeTmp

Run Build Command(s):/usr/bin/make -f Makefile cmTC_4e45d/fast && make  -f CMakeFiles/cmTC_4e45d.dir/build.make CMakeFiles/cmTC_4e45d.dir/build
make[1]: Entering directory '/home/wxwxw/Documents/Speaking-AI/speaking/cmake-3.23.0/CMakeFiles/CMakeTmp'
Building CXX object CMakeFiles/cmTC_4e45d.dir/CMakeCXXCompilerABI.cpp.o
/usr/bin/g++   -v -o CMakeFiles/cmTC_4e45d.dir/CMakeCXXCompilerABI.cpp.o -c /home/wxwxw/Documents/Speaking-AI/speaking/cmake-3.23.0/Modules/CMakeCXXCompilerABI.cpp
Using built-in specs.
COLLECT_GCC=/usr/bin/g++
OFFLOAD_TARGET_NAMES=nvptx-none:hsa
OFFLOAD_TARGET_DEFAULT=1
Target: x86_64-linux-gnu
Configured with: ../src/configure -v --with-pkgversion='Ubuntu 9.4.0-1ubuntu1~20.04.1' --with-bugurl=file:///usr/share/doc/gcc-9/README.Bugs --enable-languages=c,ada,c++,go,brig,d,fortran,objc,obj-c++,gm2 --prefix=/usr --with-gcc-major-version-only --program-suffix=-9 --program-prefix=x86_64-linux-gnu- --enable-shared --enable-linker-build-id --libexecdir=/usr/lib --without-included-gettext --enable-threads=posix --libdir=/usr/lib --enable-nls --enable-clocale=gnu --enable-libstdcxx-debug --enable-libstdcxx-time=yes --with-default-libstdcxx-abi=new --enable-gnu-unique-object --disable-vtable-verify --enable-plugin --enable-default-pie --with-system-zlib --with-target-system-zlib=auto --enable-objc-gc=auto --enable-multiarch --disable-werror --with-arch-32=i686 --with-abi=m64 --with-multilib-list=m32,m64,mx32 --enable-multilib --with-tune=generic --enable-offload-targets=nvptx-none=/build/gcc-9-Av3uEd/gcc-9-9.4.0/debian/tmp-nvptx/usr,hsa --without-cuda-driver --enable-checking=release --build=x86_64-linux-gnu --host=x86_64-linux-gnu --target=x86_64-linux-gnu
Thread model: posix
gcc version 9.4.0 (Ubuntu 9.4.0-1ubuntu1~20.04.1) 
COLLECT_GCC_OPTIONS='-v' '-o' 'CMakeFiles/cmTC_4e45d.dir/CMakeCXXCompilerABI.cpp.o' '-c' '-shared-libgcc' '-mtune=generic' '-march=x86-64'
 /usr/lib/gcc/x86_64-linux-gnu/9/cc1plus -quiet -v -imultiarch x86_64-linux-gnu -D_GNU_SOURCE /home/wxwxw/Documents/Speaking-AI/speaking/cmake-3.23.0/Modules/CMakeCXXCompilerABI.cpp -quiet -dumpbase CMakeCXXCompilerABI.cpp -mtune=generic -march=x86-64 -auxbase-strip CMakeFiles/cmTC_4e45d.dir/CMakeCXXCompilerABI.cpp.o -version -fasynchronous-unwind-tables -fstack-protector-strong -Wformat -Wformat-security -fstack-clash-protection -fcf-protection -o /tmp/ccLZquRO.s
GNU C++14 (Ubuntu 9.4.0-1ubuntu1~20.04.1) version 9.4.0 (x86_64-linux-gnu)
	compiled by GNU C version 9.4.0, GMP version 6.2.0, MPFR version 4.0.2, MPC version 1.1.0, isl version isl-0.22.1-GMP

GGC heuristics: --param ggc-min-expand=100 --param ggc-min-heapsize=131072
ignoring duplicate directory "/usr/include/x86_64-linux-gnu/c++/9"
ignoring nonexistent directory "/usr/local/include/x86_64-linux-gnu"
ignoring nonexistent directory "/usr/lib/gcc/x86_64-linux-gnu/9/include-fixed"
ignoring nonexistent directory "/usr/lib/gcc/x86_64-linux-gnu/9/../../../../x86_64-linux-gnu/include"
#include "..." search starts here:
#include <...> search starts here:
 /usr/include/c++/9
 /usr/include/x86_64-linux-gnu/c++/9
 /usr/include/c++/9/backward
 /usr/lib/gcc/x86_64-linux-gnu/9/include
 /usr/local/include
 /usr/include/x86_64-linux-gnu
 /usr/include
End of search list.
GNU C++14 (Ubuntu 9.4.0-1ubuntu1~20.04.1) version 9.4.0 (x86_64-linux-gnu)
	compiled by GNU C version 9.4.0, GMP version 6.2.0, MPFR version 4.0.2, MPC version 1.1.0, isl version isl-0.22.1-GMP

GGC heuristics: --param ggc-min-expand=100 --param ggc-min-heapsize=131072
Compiler executable checksum: 65fe925b83d3956b533de4aaba7dace0
COLLECT_GCC_OPTIONS='-v' '-o' 'CMakeFiles/cmTC_4e45d.dir/CMakeCXXCompilerABI.cpp.o' '-c' '-shared-libgcc' '-mtune=generic' '-march=x86-64'
 as -v --64 -o CMakeFiles/cmTC_4e45d.dir/CMakeCXXCompilerABI.cpp.o /tmp/ccLZquRO.s
GNU assembler version 2.34 (x86_64-linux-gnu) using BFD version (GNU Binutils for Ubuntu) 2.34
COMPILER_PATH=/usr/lib/gcc/x86_64-linux-gnu/9/:/usr/lib/gcc/x86_64-linux-gnu/9/:/usr/lib/gcc/x86_64-linux-gnu/:/usr/lib/gcc/x86_64-linux-gnu/9/:/usr/lib/gcc/x86_64-linux-gnu/
LIBRARY_PATH=/usr/lib/gcc/x86_64-linux-gnu/9/:/usr/lib/gcc/x86_64-linux-gnu/9/../../../x86_64-linux-gnu/:/usr/lib/gcc/x86_64-linux-gnu/9/../../../../lib/:/lib/x86_64-linux-gnu/:/lib/../lib/:/usr/lib/x86_64-linux-gnu/:/usr/lib/../lib/:/usr/lib/gcc/x86_64-linux-gnu/9/../../../:/lib/:/usr/lib/
COLLECT_GCC_OPTIONS='-v' '-o' 'CMakeFiles/cmTC_4e45d.dir/CMakeCXXCompilerABI.cpp.o' '-c' '-shared-libgcc' '-mtune=generic' '-march=x86-64'
Linking CXX executable cmTC_4e45d
/home/wxwxw/Documents/Speaking-AI/speaking/cmake-3.23.0/Bootstrap.cmk/cmake -E cmake_link_script CMakeFiles/cmTC_4e45d.dir/link.txt --verbose=1
/usr/bin/g++  -v CMakeFiles/cmTC_4e45d.dir/CMakeCXXCompilerABI.cpp.o -o cmTC_4e45d 
Using built-in specs.
COLLECT_GCC=/usr/bin/g++
COLLECT_LTO_WRAPPER=/usr/lib/gcc/x86_64-linux-gnu/9/lto-wrapper
OFFLOAD_TARGET_NAMES=nvptx-none:hsa
OFFLOAD_TARGET_DEFAULT=1
Target: x86_64-linux-gnu
Configured with: ../src/configure -v --with-pkgversion='Ubuntu 9.4.0-1ubuntu1~20.04.1' --with-bugurl=file:///usr/share/doc/gcc-9/README.Bugs --enable-languages=c,ada,c++,go,brig,d,fortran,objc,obj-c++,gm2 --prefix=/usr --with-gcc-major-version-only --program-suffix=-9 --program-prefix=x86_64-linux-gnu- --enable-shared --enable-linker-build-id --libexecdir=/usr/lib --without-included-gettext --enable-threads=posix --libdir=/usr/lib --enable-nls --enable-clocale=gnu --enable-libstdcxx-debug --enable-libstdcxx-time=yes --with-default-libstdcxx-abi=new --enable-gnu-unique-object --disable-vtable-verify --enable-plugin --enable-default-pie --with-system-zlib --with-target-system-zlib=auto --enable-objc-gc=auto --enable-multiarch --disable-werror --with-arch-32=i686 --with-abi=m64 --with-multilib-list=m32,m64,mx32 --enable-multilib --with-tune=generic --enable-offload-targets=nvptx-none=/build/gcc-9-Av3uEd/gcc-9-9.4.0/debian/tmp-nvptx/usr,hsa --without-cuda-driver --enable-checking=release --build=x86_64-linux-gnu --host=x86_64-linux-gnu --target=x86_64-linux-gnu
Thread model: posix
gcc version 9.4.0 (Ubuntu 9.4.0-1ubuntu1~20.04.1) 
COMPILER_PATH=/usr/lib/gcc/x86_64-linux-gnu/9/:/usr/lib/gcc/x86_64-linux-gnu/9/:/usr/lib/gcc/x86_64-linux-gnu/:/usr/lib/gcc/x86_64-linux-gnu/9/:/usr/lib/gcc/x86_64-linux-gnu/
LIBRARY_PATH=/usr/lib/gcc/x86_64-linux-gnu/9/:/usr/lib/gcc/x86_64-linux-gnu/9/../../../x86_64-linux-gnu/:/usr/lib/gcc/x86_64-linux-gnu/9/../../../../lib/:/lib/x86_64-linux-gnu/:/lib/../lib/:/usr/lib/x86_64-linux-gnu/:/usr/lib/../lib/:/usr/lib/gcc/x86_64-linux-gnu/9/../../../:/lib/:/usr/lib/
COLLECT_GCC_OPTIONS='-v' '-o' 'cmTC_4e45d' '-shared-libgcc' '-mtune=generic' '-march=x86-64'
 /usr/lib/gcc/x86_64-linux-gnu/9/collect2 -plugin /usr/lib/gcc/x86_64-linux-gnu/9/liblto_plugin.so -plugin-opt=/usr/lib/gcc/x86_64-linux-gnu/9/lto-wrapper -plugin-opt=-fresolution=/tmp/cccqK2oe.res -plugin-opt=-pass-through=-lgcc_s -plugin-opt=-pass-through=-lgcc -plugin-opt=-pass-through=-lc -plugin-opt=-pass-through=-lgcc_s -plugin-opt=-pass-through=-lgcc --build-id --eh-frame-hdr -m elf_x86_64 --hash-style=gnu --as-needed -dynamic-linker /lib64/ld-linux-x86-64.so.2 -pie -z now -z relro -o cmTC_4e45d /usr/lib/gcc/x86_64-linux-gnu/9/../../../x86_64-linux-gnu/Scrt1.o /usr/lib/gcc/x86_64-linux-gnu/9/../../../x86_64-linux-gnu/crti.o /usr/lib/gcc/x86_64-linux-gnu/9/crtbeginS.o -L/usr/lib/gcc/x86_64-linux-gnu/9 -L/usr/lib/gcc/x86_64-linux-gnu/9/../../../x86_64-linux-gnu -L/usr/lib/gcc/x86_64-linux-gnu/9/../../../../lib -L/lib/x86_64-linux-gnu -L/lib/../lib -L/usr/lib/x86_64-linux-gnu -L/usr/lib/../lib -L/usr/lib/gcc/x86_64-linux-gnu/9/../../.. CMakeFiles/cmTC_4e45d.dir/CMakeCXXCompilerABI.cpp.o -lstdc++ -lm -lgcc_s -lgcc -lc -lgcc_s -lgcc /usr/lib/gcc/x86_64-linux-gnu/9/crtendS.o /usr/lib/gcc/x86_64-linux-gnu/9/../../../x86_64-linux-gnu/crtn.o
COLLECT_GCC_OPTIONS='-v' '-o' 'cmTC_4e45d' '-shared-libgcc' '-mtune=generic' '-march=x86-64'
make[1]: Leaving directory '/home/wxwxw/Documents/Speaking-AI/speaking/cmake-3.23.0/CMakeFiles/CMakeTmp'



Parsed CXX implicit include dir info from above output: rv=done
  found start of include info
  found start of implicit include info
    add: [/usr/include/c++/9]
    add: [/usr/include/x86_64-linux-gnu/c++/9]
    add: [/usr/include/c++/9/backward]
    add: [/usr/lib/gcc/x86_64-linux-gnu/9/include]
    add: [/usr/local/include]
    add: [/usr/include/x86_64-linux-gnu]
    add: [/usr/include]
  end of search list found
  collapse include dir [/usr/include/c++/9] ==> [/usr/include/c++/9]
  collapse include dir [/usr/include/x86_64-linux-gnu/c++/9] ==> [/usr/include/x86_64-linux-gnu/c++/9]
  collapse include dir [/usr/include/c++/9/backward] ==> [/usr/include/c++/9/backward]
  collapse include dir [/usr/lib/gcc/x86_64-linux-gnu/9/include] ==> [/usr/lib/gcc/x86_64-linux-gnu/9/include]
  collapse include dir [/usr/local/include] ==> [/usr/local/include]
  collapse include dir [/usr/include/x86_64-linux-gnu] ==> [/usr/include/x86_64-linux-gnu]
  collapse include dir [/usr/include] ==> [/usr/include]
  implicit include dirs: [/usr/include/c++/9;/usr/include/x86_64-linux-gnu/c++/9;/usr/include/c++/9/backward;/usr/lib/gcc/x86_64-linux-gnu/9/include;/usr/local/include;/usr/include/x86_64-linux-gnu;/usr/include]


Parsed CXX implicit link information from above output:
  link line regex: [^( *|.*[/\])(ld|CMAKE_LINK_STARTFILE-NOTFOUND|([^/\]+-)?ld|collect2)[^/\]*( |$)]
  ignore line: [Change Dir: /home/wxwxw/Documents/Speaking-AI/speaking/cmake-3.23.0/CMakeFiles/CMakeTmp]
  ignore line: []
  ignore line: [Run Build Command(s):/usr/bin/make -f Makefile cmTC_4e45d/fast && make  -f CMakeFiles/cmTC_4e45d.dir/build.make CMakeFiles/cmTC_4e45d.dir/build]
  ignore line: [make[1]: Entering directory '/home/wxwxw/Documents/Speaking-AI/speaking/cmake-3.23.0/CMakeFiles/CMakeTmp']
  ignore line: [Building CXX object CMakeFiles/cmTC_4e45d.dir/CMakeCXXCompilerABI.cpp.o]
  ignore line: [/usr/bin/g++   -v -o CMakeFiles/cmTC_4e45d.dir/CMakeCXXCompilerABI.cpp.o -c /home/wxwxw/Documents/Speaking-AI/speaking/cmake-3.23.0/Modules/CMakeCXXCompilerABI.cpp]
  ignore line: [Using built-in specs.]
  ignore line: [COLLECT_GCC=/usr/bin/g++]
  ignore line: [OFFLOAD_TARGET_NAMES=nvptx-none:hsa]
  ignore line: [OFFLOAD_TARGET_DEFAULT=1]
  ignore line: [Target: x86_64-linux-gnu]
  ignore line: [Configured with: ../src/configure -v --with-pkgversion='Ubuntu 9.4.0-1ubuntu1~20.04.1' --with-bugurl=file:///usr/share/doc/gcc-9/README.Bugs --enable-languages=c ada c++ go brig d fortran objc obj-c++ gm2 --prefix=/usr --with-gcc-major-version-only --program-suffix=-9 --program-prefix=x86_64-linux-gnu- --enable-shared --enable-linker-build-id --libexecdir=/usr/lib --without-included-gettext --enable-threads=posix --libdir=/usr/lib --enable-nls --enable-clocale=gnu --enable-libstdcxx-debug --enable-libstdcxx-time=yes --with-default-libstdcxx-abi=new --enable-gnu-unique-object --disable-vtable-verify --enable-plugin --enable-default-pie --with-system-zlib --with-target-system-zlib=auto --enable-objc-gc=auto --enable-multiarch --disable-werror --with-arch-32=i686 --with-abi=m64 --with-multilib-list=m32 m64 mx32 --enable-multilib --with-tune=generic --enable-offload-targets=nvptx-none=/build/gcc-9-Av3uEd/gcc-9-9.4.0/debian/tmp-nvptx/usr hsa --without-cuda-driver --enable-checking=release --build=x86_64-linux-gnu --host=x86_64-linux-gnu --target=x86_64-linux-gnu]
  ignore line: [Thread model: posix]
  ignore line: [gcc version 9.4.0 (Ubuntu 9.4.0-1ubuntu1~20.04.1) ]
  ignore line: [COLLECT_GCC_OPTIONS='-v' '-o' 'CMakeFiles/cmTC_4e45d.dir/CMakeCXXCompilerABI.cpp.o' '-c' '-shared-libgcc' '-mtune=generic' '-march=x86-64']
  ignore line: [ /usr/lib/gcc/x86_64-linux-gnu/9/cc1plus -quiet -v -imultiarch x86_64-linux-gnu -D_GNU_SOURCE /home/wxwxw/Documents/Speaking-AI/speaking/cmake-3.23.0/Modules/CMakeCXXCompilerABI.cpp -quiet -dumpbase CMakeCXXCompilerABI.cpp -mtune=generic -march=x86-64 -auxbase-strip CMakeFiles/cmTC_4e45d.dir/CMakeCXXCompilerABI.cpp.o -version -fasynchronous-unwind-tables -fstack-protector-strong -Wformat -Wformat-security -fstack-clash-protection -fcf-protection -o /tmp/ccLZquRO.s]
  ignore line: [GNU C++14 (Ubuntu 9.4.0-1ubuntu1~20.04.1) version 9.4.0 (x86_64-linux-gnu)]
  ignore line: [	compiled by GNU C version 9.4.0  GMP version 6.2.0  MPFR version 4.0.2  MPC version 1.1.0  isl version isl-0.22.1-GMP]
  ignore line: []
  ignore line: [GGC heuristics: --param ggc-min-expand=100 --param ggc-min-heapsize=131072]
  ignore line: [ignoring duplicate directory "/usr/include/x86_64-linux-gnu/c++/9"]
  ignore line: [ignoring nonexistent directory "/usr/local/include/x86_64-linux-gnu"]
  ignore line: [ignoring nonexistent directory "/usr/lib/gcc/x86_64-linux-gnu/9/include-fixed"]
  ignore line: [ignoring nonexistent directory "/usr/lib/gcc/x86_64-linux-gnu/9/../../../../x86_64-linux-gnu/include"]
  ignore line: [#include "..." search starts here:]
  ignore line: [#include <...> search starts here:]
  ignore line: [ /usr/include/c++/9]
  ignore line: [ /usr/include/x86_64-linux-gnu/c++/9]
  ignore line: [ /usr/include/c++/9/backward]
  ignore line: [ /usr/lib/gcc/x86_64-linux-gnu/9/include]
  ignore line: [ /usr/local/include]
  ignore line: [ /usr/include/x86_64-linux-gnu]
  ignore line: [ /usr/include]
  ignore line: [End of search list.]
  ignore line: [GNU C++14 (Ubuntu 9.4.0-1ubuntu1~20.04.1) version 9.4.0 (x86_64-linux-gnu)]
  ignore line: [	compiled by GNU C version 9.4.0  GMP version 6.2.0  MPFR version 4.0.2  MPC version 1.1.0  isl version isl-0.22.1-GMP]
  ignore line: []
  ignore line: [GGC heuristics: --param ggc-min-expand=100 --param ggc-min-heapsize=131072]
  ignore line: [Compiler executable checksum: 65fe925b83d3956b533de4aaba7dace0]
  ignore line: [COLLECT_GCC_OPTIONS='-v' '-o' 'CMakeFiles/cmTC_4e45d.dir/CMakeCXXCompilerABI.cpp.o' '-c' '-shared-libgcc' '-mtune=generic' '-march=x86-64']
  ignore line: [ as -v --64 -o CMakeFiles/cmTC_4e45d.dir/CMakeCXXCompilerABI.cpp.o /tmp/ccLZquRO.s]
  ignore line: [GNU assembler version 2.34 (x86_64-linux-gnu) using BFD version (GNU Binutils for Ubuntu) 2.34]
  ignore line: [COMPILER_PATH=/usr/lib/gcc/x86_64-linux-gnu/9/:/usr/lib/gcc/x86_64-linux-gnu/9/:/usr/lib/gcc/x86_64-linux-gnu/:/usr/lib/gcc/x86_64-linux-gnu/9/:/usr/lib/gcc/x86_64-linux-gnu/]
  ignore line: [LIBRARY_PATH=/usr/lib/gcc/x86_64-linux-gnu/9/:/usr/lib/gcc/x86_64-linux-gnu/9/../../../x86_64-linux-gnu/:/usr/lib/gcc/x86_64-linux-gnu/9/../../../../lib/:/lib/x86_64-linux-gnu/:/lib/../lib/:/usr/lib/x86_64-linux-gnu/:/usr/lib/../lib/:/usr/lib/gcc/x86_64-linux-gnu/9/../../../:/lib/:/usr/lib/]
  ignore line: [COLLECT_GCC_OPTIONS='-v' '-o' 'CMakeFiles/cmTC_4e45d.dir/CMakeCXXCompilerABI.cpp.o' '-c' '-shared-libgcc' '-mtune=generic' '-march=x86-64']
  ignore line: [Linking CXX executable cmTC_4e45d]
  ignore line: [/home/wxwxw/Documents/Speaking-AI/speaking/cmake-3.23.0/Bootstrap.cmk/cmake -E cmake_link_script CMakeFiles/cmTC_4e45d.dir/link.txt --verbose=1]
  ignore line: [/usr/bin/g++  -v CMakeFiles/cmTC_4e45d.dir/CMakeCXXCompilerABI.cpp.o -o cmTC_4e45d ]
  ignore line: [Using built-in specs.]
  ignore line: [COLLECT_GCC=/usr/bin/g++]
  ignore line: [COLLECT_LTO_WRAPPER=/usr/lib/gcc/x86_64-linux-gnu/9/lto-wrapper]
  ignore line: [OFFLOAD_TARGET_NAMES=nvptx-none:hsa]
  ignore line: [OFFLOAD_TARGET_DEFAULT=1]
  ignore line: [Target: x86_64-linux-gnu]
  ignore line: [Configured with: ../src/configure -v --with-pkgversion='Ubuntu 9.4.0-1ubuntu1~20.04.1' --with-bugurl=file:///usr/share/doc/gcc-9/README.Bugs --enable-languages=c ada c++ go brig d fortran objc obj-c++ gm2 --prefix=/usr --with-gcc-major-version-only --program-suffix=-9 --program-prefix=x86_64-linux-gnu- --enable-shared --enable-linker-build-id --libexecdir=/usr/lib --without-included-gettext --enable-threads=posix --libdir=/usr/lib --enable-nls --enable-clocale=gnu --enable-libstdcxx-debug --enable-libstdcxx-time=yes --with-default-libstdcxx-abi=new --enable-gnu-unique-object --disable-vtable-verify --enable-plugin --enable-default-pie --with-system-zlib --with-target-system-zlib=auto --enable-objc-gc=auto --enable-multiarch --disable-werror --with-arch-32=i686 --with-abi=m64 --with-multilib-list=m32 m64 mx32 --enable-multilib --with-tune=generic --enable-offload-targets=nvptx-none=/build/gcc-9-Av3uEd/gcc-9-9.4.0/debian/tmp-nvptx/usr hsa --without-cuda-driver --enable-checking=release --build=x86_64-linux-gnu --host=x86_64-linux-gnu --target=x86_64-linux-gnu]
  ignore line: [Thread model: posix]
  ignore line: [gcc version 9.4.0 (Ubuntu 9.4.0-1ubuntu1~20.04.1) ]
  ignore line: [COMPILER_PATH=/usr/lib/gcc/x86_64-linux-gnu/9/:/usr/lib/gcc/x86_64-linux-gnu/9/:/usr/lib/gcc/x86_64-linux-gnu/:/usr/lib/gcc/x86_64-linux-gnu/9/:/usr/lib/gcc/x86_64-linux-gnu/]
  ignore line: [LIBRARY_PATH=/usr/lib/gcc/x86_64-linux-gnu/9/:/usr/lib/gcc/x86_64-linux-gnu/9/../../../x86_64-linux-gnu/:/usr/lib/gcc/x86_64-linux-gnu/9/../../../../lib/:/lib/x86_64-linux-gnu/:/lib/../lib/:/usr/lib/x86_64-linux-gnu/:/usr/lib/../lib/:/usr/lib/gcc/x86_64-linux-gnu/9/../../../:/lib/:/usr/lib/]
  ignore line: [COLLECT_GCC_OPTIONS='-v' '-o' 'cmTC_4e45d' '-shared-libgcc' '-mtune=generic' '-march=x86-64']
  link line: [ /usr/lib/gcc/x86_64-linux-gnu/9/collect2 -plugin /usr/lib/gcc/x86_64-linux-gnu/9/liblto_plugin.so -plugin-opt=/usr/lib/gcc/x86_64-linux-gnu/9/lto-wrapper -plugin-opt=-fresolution=/tmp/cccqK2oe.res -plugin-opt=-pass-through=-lgcc_s -plugin-opt=-pass-through=-lgcc -plugin-opt=-pass-through=-lc -plugin-opt=-pass-through=-lgcc_s -plugin-opt=-pass-through=-lgcc --build-id --eh-frame-hdr -m elf_x86_64 --hash-style=gnu --as-needed -dynamic-linker /lib64/ld-linux-x86-64.so.2 -pie -z now -z relro -o cmTC_4e45d /usr/lib/gcc/x86_64-linux-gnu/9/../../../x86_64-linux-gnu/Scrt1.o /usr/lib/gcc/x86_64-linux-gnu/9/../../../x86_64-linux-gnu/crti.o /usr/lib/gcc/x86_64-linux-gnu/9/crtbeginS.o -L/usr/lib/gcc/x86_64-linux-gnu/9 -L/usr/lib/gcc/x86_64-linux-gnu/9/../../../x86_64-linux-gnu -L/usr/lib/gcc/x86_64-linux-gnu/9/../../../../lib -L/lib/x86_64-linux-gnu -L/lib/../lib -L/usr/lib/x86_64-linux-gnu -L/usr/lib/../lib -L/usr/lib/gcc/x86_64-linux-gnu/9/../../.. CMakeFiles/cmTC_4e45d.dir/CMakeCXXCompilerABI.cpp.o -lstdc++ -lm -lgcc_s -lgcc -lc -lgcc_s -lgcc /usr/lib/gcc/x86_64-linux-gnu/9/crtendS.o /usr/lib/gcc/x86_64-linux-gnu/9/../../../x86_64-linux-gnu/crtn.o]
    arg [/usr/lib/gcc/x86_64-linux-gnu/9/collect2] ==> ignore
    arg [-plugin] ==> ignore
    arg [/usr/lib/gcc/x86_64-linux-gnu/9/liblto_plugin.so] ==> ignore
    arg [-plugin-opt=/usr/lib/gcc/x86_64-linux-gnu/9/lto-wrapper] ==> ignore
    arg [-plugin-opt=-fresolution=/tmp/cccqK2oe.res] ==> ignore
    arg [-plugin-opt=-pass-through=-lgcc_s] ==> ignore
    arg [-plugin-opt=-pass-through=-lgcc] ==> ignore
    arg [-plugin-opt=-pass-through=-lc] ==> ignore
    arg [-plugin-opt=-pass-through=-lgcc_s] ==> ignore
    arg [-plugin-opt=-pass-through=-lgcc] ==> ignore
    arg [--build-id] ==> ignore
    arg [--eh-frame-hdr] ==> ignore
    arg [-m] ==> ignore
    arg [elf_x86_64] ==> ignore
    arg [--hash-style=gnu] ==> ignore
    arg [--as-needed] ==> ignore
    arg [-dynamic-linker] ==> ignore
    arg [/lib64/ld-linux-x86-64.so.2] ==> ignore
    arg [-pie] ==> ignore
    arg [-znow] ==> ignore
    arg [-zrelro] ==> ignore
    arg [-o] ==> ignore
    arg [cmTC_4e45d] ==> ignore
    arg [/usr/lib/gcc/x86_64-linux-gnu/9/../../../x86_64-linux-gnu/Scrt1.o] ==> obj [/usr/lib/gcc/x86_64-linux-gnu/9/../../../x86_64-linux-gnu/Scrt1.o]
    arg [/usr/lib/gcc/x86_64-linux-gnu/9/../../../x86_64-linux-gnu/crti.o] ==> obj [/usr/lib/gcc/x86_64-linux-gnu/9/../../../x86_64-linux-gnu/crti.o]
    arg [/usr/lib/gcc/x86_64-linux-gnu/9/crtbeginS.o] ==> obj [/usr/lib/gcc/x86_64-linux-gnu/9/crtbeginS.o]
    arg [-L/usr/lib/gcc/x86_64-linux-gnu/9] ==> dir [/usr/lib/gcc/x86_64-linux-gnu/9]
    arg [-L/usr/lib/gcc/x86_64-linux-gnu/9/../../../x86_64-linux-gnu] ==> dir [/usr/lib/gcc/x86_64-linux-gnu/9/../../../x86_64-linux-gnu]
    arg [-L/usr/lib/gcc/x86_64-linux-gnu/9/../../../../lib] ==> dir [/usr/lib/gcc/x86_64-linux-gnu/9/../../../../lib]
    arg [-L/lib/x86_64-linux-gnu] ==> dir [/lib/x86_64-linux-gnu]
    arg [-L/lib/../lib] ==> dir [/lib/../lib]
    arg [-L/usr/lib/x86_64-linux-gnu] ==> dir [/usr/lib/x86_64-linux-gnu]
    arg [-L/usr/lib/../lib] ==> dir [/usr/lib/../lib]
    arg [-L/usr/lib/gcc/x86_64-linux-gnu/9/../../..] ==> dir [/usr/lib/gcc/x86_64-linux-gnu/9/../../..]
    arg [CMakeFiles/cmTC_4e45d.dir/CMakeCXXCompilerABI.cpp.o] ==> ignore
    arg [-lstdc++] ==> lib [stdc++]
    arg [-lm] ==> lib [m]
    arg [-lgcc_s] ==> lib [gcc_s]
    arg [-lgcc] ==> lib [gcc]
    arg [-lc] ==> lib [c]
    arg [-lgcc_s] ==> lib [gcc_s]
    arg [-lgcc] ==> lib [gcc]
    arg [/usr/lib/gcc/x86_64-linux-gnu/9/crtendS.o] ==> obj [/usr/lib/gcc/x86_64-linux-gnu/9/crtendS.o]
    arg [/usr/lib/gcc/x86_64-linux-gnu/9/../../../x86_64-linux-gnu/crtn.o] ==> obj [/usr/lib/gcc/x86_64-linux-gnu/9/../../../x86_64-linux-gnu/crtn.o]
  collapse obj [/usr/lib/gcc/x86_64-linux-gnu/9/../../../x86_64-linux-gnu/Scrt1.o] ==> [/usr/lib/x86_64-linux-gnu/Scrt1.o]
  collapse obj [/usr/lib/gcc/x86_64-linux-gnu/9/../../../x86_64-linux-gnu/crti.o] ==> [/usr/lib/x86_64-linux-gnu/crti.o]
  collapse obj [/usr/lib/gcc/x86_64-linux-gnu/9/../../../x86_64-linux-gnu/crtn.o] ==> [/usr/lib/x86_64-linux-gnu/crtn.o]
  collapse library dir [/usr/lib/gcc/x86_64-linux-gnu/9] ==> [/usr/lib/gcc/x86_64-linux-gnu/9]
  collapse library dir [/usr/lib/gcc/x86_64-linux-gnu/9/../../../x86_64-linux-gnu] ==> [/usr/lib/x86_64-linux-gnu]
  collapse library dir [/usr/lib/gcc/x86_64-linux-gnu/9/../../../../lib] ==> [/usr/lib]
  collapse library dir [/lib/x86_64-linux-gnu] ==> [/lib/x86_64-linux-gnu]
  collapse library dir [/lib/../lib] ==> [/lib]
  collapse library dir [/usr/lib/x86_64-linux-gnu] ==> [/usr/lib/x86_64-linux-gnu]
  collapse library dir [/usr/lib/../lib] ==> [/usr/lib]
  collapse library dir [/usr/lib/gcc/x86_64-linux-gnu/9/../../..] ==> [/usr/lib]
  implicit libs: [stdc++;m;gcc_s;gcc;c;gcc_s;gcc]
  implicit objs: [/usr/lib/x86_64-linux-gnu/Scrt1.o;/usr/lib/x86_64-linux-gnu/crti.o;/usr/lib/gcc/x86_64-linux-gnu/9/crtbeginS.o;/usr/lib/gcc/x86_64-linux-gnu/9/crtendS.o;/usr/lib/x86_64-linux-gnu/crtn.o]
  implicit dirs: [/usr/lib/gcc/x86_64-linux-gnu/9;/usr/lib/x86_64-linux-gnu;/usr/lib;/lib/x86_64-linux-gnu;/lib]
  implicit fwks: []


Determining if compiler supports C11 _Thread_local passed with the following output:
Change Dir: /home/wxwxw/Documents/Speaking-AI/speaking/cmake-3.23.0/CMakeFiles/CMakeTmp

Run Build Command(s):/usr/bin/make -f Makefile cmTC_79aa4/fast && make  -f CMakeFiles/cmTC_79aa4.dir/build.make CMakeFiles/cmTC_79aa4.dir/build
make[1]: ディレクトリ '/home/wxwxw/Documents/Speaking-AI/speaking/cmake-3.23.0/CMakeFiles/CMakeTmp' に入ります
Building C object CMakeFiles/cmTC_79aa4.dir/cm_c11_thread_local.c.o
/usr/bin/gcc   -std=gnu11 -o CMakeFiles/cmTC_79aa4.dir/cm_c11_thread_local.c.o -c /home/wxwxw/Documents/Speaking-AI/speaking/cmake-3.23.0/Source/Checks/cm_c11_thread_local.c
Linking C executable cmTC_79aa4
/home/wxwxw/Documents/Speaking-AI/speaking/cmake-3.23.0/Bootstrap.cmk/cmake -E cmake_link_script CMakeFiles/cmTC_79aa4.dir/link.txt --verbose=1
/usr/bin/gcc CMakeFiles/cmTC_79aa4.dir/cm_c11_thread_local.c.o -o cmTC_79aa4 
make[1]: ディレクトリ '/home/wxwxw/Documents/Speaking-AI/speaking/cmake-3.23.0/CMakeFiles/CMakeTmp' から出ます



Determining if compiler supports needed C++17 constructs passed with the following output:
Change Dir: /home/wxwxw/Documents/Speaking-AI/speaking/cmake-3.23.0/CMakeFiles/CMakeTmp

Run Build Command(s):/usr/bin/make -f Makefile cmTC_fd8cc/fast && make  -f CMakeFiles/cmTC_fd8cc.dir/build.make CMakeFiles/cmTC_fd8cc.dir/build
make[1]: ディレクトリ '/home/wxwxw/Documents/Speaking-AI/speaking/cmake-3.23.0/CMakeFiles/CMakeTmp' に入ります
Building CXX object CMakeFiles/cmTC_fd8cc.dir/cm_cxx17_check.cpp.o
/usr/bin/g++   -std=gnu++17 -o CMakeFiles/cmTC_fd8cc.dir/cm_cxx17_check.cpp.o -c /home/wxwxw/Documents/Speaking-AI/speaking/cmake-3.23.0/Source/Checks/cm_cxx17_check.cpp
Linking CXX executable cmTC_fd8cc
/home/wxwxw/Documents/Speaking-AI/speaking/cmake-3.23.0/Bootstrap.cmk/cmake -E cmake_link_script CMakeFiles/cmTC_fd8cc.dir/link.txt --verbose=1
/usr/bin/g++ CMakeFiles/cmTC_fd8cc.dir/cm_cxx17_check.cpp.o -o cmTC_fd8cc 
make[1]: ディレクトリ '/home/wxwxw/Documents/Speaking-AI/speaking/cmake-3.23.0/CMakeFiles/CMakeTmp' から出ます



Determining if compiler supports C++ make_unique passed with the following output:
Change Dir: /home/wxwxw/Documents/Speaking-AI/speaking/cmake-3.23.0/CMakeFiles/CMakeTmp

Run Build Command(s):/usr/bin/make -f Makefile cmTC_3e979/fast && make  -f CMakeFiles/cmTC_3e979.dir/build.make CMakeFiles/cmTC_3e979.dir/build
make[1]: ディレクトリ '/home/wxwxw/Documents/Speaking-AI/speaking/cmake-3.23.0/CMakeFiles/CMakeTmp' に入ります
Building CXX object CMakeFiles/cmTC_3e979.dir/cm_cxx_make_unique.cxx.o
/usr/bin/g++   -std=gnu++17 -o CMakeFiles/cmTC_3e979.dir/cm_cxx_make_unique.cxx.o -c /home/wxwxw/Documents/Speaking-AI/speaking/cmake-3.23.0/Source/Checks/cm_cxx_make_unique.cxx
Linking CXX executable cmTC_3e979
/home/wxwxw/Documents/Speaking-AI/speaking/cmake-3.23.0/Bootstrap.cmk/cmake -E cmake_link_script CMakeFiles/cmTC_3e979.dir/link.txt --verbose=1
/usr/bin/g++ CMakeFiles/cmTC_3e979.dir/cm_cxx_make_unique.cxx.o -o cmTC_3e979 
make[1]: ディレクトリ '/home/wxwxw/Documents/Speaking-AI/speaking/cmake-3.23.0/CMakeFiles/CMakeTmp' から出ます



Determining if compiler supports C++ filesystem passed with the following output:
Change Dir: /home/wxwxw/Documents/Speaking-AI/speaking/cmake-3.23.0/CMakeFiles/CMakeTmp

Run Build Command(s):/usr/bin/make -f Makefile cmTC_39644/fast && make  -f CMakeFiles/cmTC_39644.dir/build.make CMakeFiles/cmTC_39644.dir/build
make[1]: ディレクトリ '/home/wxwxw/Documents/Speaking-AI/speaking/cmake-3.23.0/CMakeFiles/CMakeTmp' に入ります
Building CXX object CMakeFiles/cmTC_39644.dir/cm_cxx_filesystem.cxx.o
/usr/bin/g++   -std=gnu++17 -o CMakeFiles/cmTC_39644.dir/cm_cxx_filesystem.cxx.o -c /home/wxwxw/Documents/Speaking-AI/speaking/cmake-3.23.0/Source/Checks/cm_cxx_filesystem.cxx
Linking CXX executable cmTC_39644
/home/wxwxw/Documents/Speaking-AI/speaking/cmake-3.23.0/Bootstrap.cmk/cmake -E cmake_link_script CMakeFiles/cmTC_39644.dir/link.txt --verbose=1
/usr/bin/g++ CMakeFiles/cmTC_39644.dir/cm_cxx_filesystem.cxx.o -o cmTC_39644 
make[1]: ディレクトリ '/home/wxwxw/Documents/Speaking-AI/speaking/cmake-3.23.0/CMakeFiles/CMakeTmp' から出ます



Determining if the unsetenv exist passed with the following output:
Change Dir: /home/wxwxw/Documents/Speaking-AI/speaking/cmake-3.23.0/CMakeFiles/CMakeTmp

Run Build Command(s):/usr/bin/make -f Makefile cmTC_98884/fast && make  -f CMakeFiles/cmTC_98884.dir/build.make CMakeFiles/cmTC_98884.dir/build
make[1]: ディレクトリ '/home/wxwxw/Documents/Speaking-AI/speaking/cmake-3.23.0/CMakeFiles/CMakeTmp' に入ります
Building C object CMakeFiles/cmTC_98884.dir/CheckSymbolExists.c.o
/usr/bin/gcc   -std=gnu11 -o CMakeFiles/cmTC_98884.dir/CheckSymbolExists.c.o -c /home/wxwxw/Documents/Speaking-AI/speaking/cmake-3.23.0/CMakeFiles/CMakeTmp/CheckSymbolExists.c
Linking C executable cmTC_98884
/home/wxwxw/Documents/Speaking-AI/speaking/cmake-3.23.0/Bootstrap.cmk/cmake -E cmake_link_script CMakeFiles/cmTC_98884.dir/link.txt --verbose=1
/usr/bin/gcc CMakeFiles/cmTC_98884.dir/CheckSymbolExists.c.o -o cmTC_98884 
make[1]: ディレクトリ '/home/wxwxw/Documents/Speaking-AI/speaking/cmake-3.23.0/CMakeFiles/CMakeTmp' から出ます


File /home/wxwxw/Documents/Speaking-AI/speaking/cmake-3.23.0/CMakeFiles/CMakeTmp/CheckSymbolExists.c:
/* */
#include <stdlib.h>

int main(int argc, char** argv)
{
  (void)argv;
#ifndef unsetenv
  return ((int*)(&unsetenv))[argc];
#else
  (void)argc;
  return 0;
#endif
}
Determining if the include file pthread.h exists passed with the following output:
Change Dir: /home/wxwxw/Documents/Speaking-AI/speaking/cmake-3.23.0/CMakeFiles/CMakeTmp

Run Build Command(s):/usr/bin/make -f Makefile cmTC_7cae6/fast && make  -f CMakeFiles/cmTC_7cae6.dir/build.make CMakeFiles/cmTC_7cae6.dir/build
make[1]: ディレクトリ '/home/wxwxw/Documents/Speaking-AI/speaking/cmake-3.23.0/CMakeFiles/CMakeTmp' に入ります
Building C object CMakeFiles/cmTC_7cae6.dir/CheckIncludeFile.c.o
/usr/bin/gcc   -std=gnu11 -o CMakeFiles/cmTC_7cae6.dir/CheckIncludeFile.c.o -c /home/wxwxw/Documents/Speaking-AI/speaking/cmake-3.23.0/CMakeFiles/CMakeTmp/CheckIncludeFile.c
Linking C executable cmTC_7cae6
/home/wxwxw/Documents/Speaking-AI/speaking/cmake-3.23.0/Bootstrap.cmk/cmake -E cmake_link_script CMakeFiles/cmTC_7cae6.dir/link.txt --verbose=1
/usr/bin/gcc CMakeFiles/cmTC_7cae6.dir/CheckIncludeFile.c.o -o cmTC_7cae6 
make[1]: ディレクトリ '/home/wxwxw/Documents/Speaking-AI/speaking/cmake-3.23.0/CMakeFiles/CMakeTmp' から出ます



Determining if the function pthread_create exists in the pthread passed with the following output:
Change Dir: /home/wxwxw/Documents/Speaking-AI/speaking/cmake-3.23.0/CMakeFiles/CMakeTmp

Run Build Command(s):/usr/bin/make -f Makefile cmTC_8444f/fast && make  -f CMakeFiles/cmTC_8444f.dir/build.make CMakeFiles/cmTC_8444f.dir/build
make[1]: ディレクトリ '/home/wxwxw/Documents/Speaking-AI/speaking/cmake-3.23.0/CMakeFiles/CMakeTmp' に入ります
Building C object CMakeFiles/cmTC_8444f.dir/CheckFunctionExists.c.o
/usr/bin/gcc   -DCHECK_FUNCTION_EXISTS=pthread_create -std=gnu11 -o CMakeFiles/cmTC_8444f.dir/CheckFunctionExists.c.o -c /home/wxwxw/Documents/Speaking-AI/speaking/cmake-3.23.0/Modules/CheckFunctionExists.c
Linking C executable cmTC_8444f
/home/wxwxw/Documents/Speaking-AI/speaking/cmake-3.23.0/Bootstrap.cmk/cmake -E cmake_link_script CMakeFiles/cmTC_8444f.dir/link.txt --verbose=1
/usr/bin/gcc  -DCHECK_FUNCTION_EXISTS=pthread_create CMakeFiles/cmTC_8444f.dir/CheckFunctionExists.c.o -o cmTC_8444f  -lpthread 
make[1]: ディレクトリ '/home/wxwxw/Documents/Speaking-AI/speaking/cmake-3.23.0/CMakeFiles/CMakeTmp' から出ます



Checking whether wstring is available compiled with the following output:
Change Dir: /home/wxwxw/Documents/Speaking-AI/speaking/cmake-3.23.0/Source/kwsys/CMakeFiles/CMakeTmp

Run Build Command(s):/usr/bin/make -f Makefile cmTC_62d4a/fast && make  -f CMakeFiles/cmTC_62d4a.dir/build.make CMakeFiles/cmTC_62d4a.dir/build
make[1]: ディレクトリ '/home/wxwxw/Documents/Speaking-AI/speaking/cmake-3.23.0/Source/kwsys/CMakeFiles/CMakeTmp' に入ります
Building CXX object CMakeFiles/cmTC_62d4a.dir/kwsysPlatformTestsCXX.cxx.o
/usr/bin/g++ -DTEST_KWSYS_STL_HAS_WSTRING  -std=gnu++17 -o CMakeFiles/cmTC_62d4a.dir/kwsysPlatformTestsCXX.cxx.o -c /home/wxwxw/Documents/Speaking-AI/speaking/cmake-3.23.0/Source/kwsys/kwsysPlatformTestsCXX.cxx
Linking CXX executable cmTC_62d4a
/home/wxwxw/Documents/Speaking-AI/speaking/cmake-3.23.0/Bootstrap.cmk/cmake -E cmake_link_script CMakeFiles/cmTC_62d4a.dir/link.txt --verbose=1
/usr/bin/g++ -rdynamic CMakeFiles/cmTC_62d4a.dir/kwsysPlatformTestsCXX.cxx.o -o cmTC_62d4a 
make[1]: ディレクトリ '/home/wxwxw/Documents/Speaking-AI/speaking/cmake-3.23.0/Source/kwsys/CMakeFiles/CMakeTmp' から出ます



Checking whether C compiler has ptrdiff_t in stddef.h compiled with the following output:
Change Dir: /home/wxwxw/Documents/Speaking-AI/speaking/cmake-3.23.0/Source/kwsys/CMakeFiles/CMakeTmp

Run Build Command(s):/usr/bin/make -f Makefile cmTC_d8391/fast && make  -f CMakeFiles/cmTC_d8391.dir/build.make CMakeFiles/cmTC_d8391.dir/build
make[1]: ディレクトリ '/home/wxwxw/Documents/Speaking-AI/speaking/cmake-3.23.0/Source/kwsys/CMakeFiles/CMakeTmp' に入ります
Building C object CMakeFiles/cmTC_d8391.dir/kwsysPlatformTestsC.c.o
/usr/bin/gcc -DTEST_KWSYS_C_HAS_PTRDIFF_T  -std=gnu11 -o CMakeFiles/cmTC_d8391.dir/kwsysPlatformTestsC.c.o -c /home/wxwxw/Documents/Speaking-AI/speaking/cmake-3.23.0/Source/kwsys/kwsysPlatformTestsC.c
Linking C executable cmTC_d8391
/home/wxwxw/Documents/Speaking-AI/speaking/cmake-3.23.0/Bootstrap.cmk/cmake -E cmake_link_script CMakeFiles/cmTC_d8391.dir/link.txt --verbose=1
/usr/bin/gcc -rdynamic CMakeFiles/cmTC_d8391.dir/kwsysPlatformTestsC.c.o -o cmTC_d8391 
make[1]: ディレクトリ '/home/wxwxw/Documents/Speaking-AI/speaking/cmake-3.23.0/Source/kwsys/CMakeFiles/CMakeTmp' から出ます



Checking whether C compiler has ssize_t in unistd.h compiled with the following output:
Change Dir: /home/wxwxw/Documents/Speaking-AI/speaking/cmake-3.23.0/Source/kwsys/CMakeFiles/CMakeTmp

Run Build Command(s):/usr/bin/make -f Makefile cmTC_e96eb/fast && make  -f CMakeFiles/cmTC_e96eb.dir/build.make CMakeFiles/cmTC_e96eb.dir/build
make[1]: ディレクトリ '/home/wxwxw/Documents/Speaking-AI/speaking/cmake-3.23.0/Source/kwsys/CMakeFiles/CMakeTmp' に入ります
Building C object CMakeFiles/cmTC_e96eb.dir/kwsysPlatformTestsC.c.o
/usr/bin/gcc -DTEST_KWSYS_C_HAS_SSIZE_T  -std=gnu11 -o CMakeFiles/cmTC_e96eb.dir/kwsysPlatformTestsC.c.o -c /home/wxwxw/Documents/Speaking-AI/speaking/cmake-3.23.0/Source/kwsys/kwsysPlatformTestsC.c
Linking C executable cmTC_e96eb
/home/wxwxw/Documents/Speaking-AI/speaking/cmake-3.23.0/Bootstrap.cmk/cmake -E cmake_link_script CMakeFiles/cmTC_e96eb.dir/link.txt --verbose=1
/usr/bin/gcc -rdynamic CMakeFiles/cmTC_e96eb.dir/kwsysPlatformTestsC.c.o -o cmTC_e96eb 
make[1]: ディレクトリ '/home/wxwxw/Documents/Speaking-AI/speaking/cmake-3.23.0/Source/kwsys/CMakeFiles/CMakeTmp' から出ます



Checking whether C compiler has clock_gettime compiled with the following output:
Change Dir: /home/wxwxw/Documents/Speaking-AI/speaking/cmake-3.23.0/Source/kwsys/CMakeFiles/CMakeTmp

Run Build Command(s):/usr/bin/make -f Makefile cmTC_1eac1/fast && make  -f CMakeFiles/cmTC_1eac1.dir/build.make CMakeFiles/cmTC_1eac1.dir/build
make[1]: ディレクトリ '/home/wxwxw/Documents/Speaking-AI/speaking/cmake-3.23.0/Source/kwsys/CMakeFiles/CMakeTmp' に入ります
Building C object CMakeFiles/cmTC_1eac1.dir/kwsysPlatformTestsC.c.o
/usr/bin/gcc -DTEST_KWSYS_C_HAS_CLOCK_GETTIME_MONOTONIC  -std=gnu11 -o CMakeFiles/cmTC_1eac1.dir/kwsysPlatformTestsC.c.o -c /home/wxwxw/Documents/Speaking-AI/speaking/cmake-3.23.0/Source/kwsys/kwsysPlatformTestsC.c
Linking C executable cmTC_1eac1
/home/wxwxw/Documents/Speaking-AI/speaking/cmake-3.23.0/Bootstrap.cmk/cmake -E cmake_link_script CMakeFiles/cmTC_1eac1.dir/link.txt --verbose=1
/usr/bin/gcc -rdynamic CMakeFiles/cmTC_1eac1.dir/kwsysPlatformTestsC.c.o -o cmTC_1eac1 
make[1]: ディレクトリ '/home/wxwxw/Documents/Speaking-AI/speaking/cmake-3.23.0/Source/kwsys/CMakeFiles/CMakeTmp' から出ます



Checking whether CXX compiler has setenv compiled with the following output:
Change Dir: /home/wxwxw/Documents/Speaking-AI/speaking/cmake-3.23.0/Source/kwsys/CMakeFiles/CMakeTmp

Run Build Command(s):/usr/bin/make -f Makefile cmTC_e7569/fast && make  -f CMakeFiles/cmTC_e7569.dir/build.make CMakeFiles/cmTC_e7569.dir/build
make[1]: ディレクトリ '/home/wxwxw/Documents/Speaking-AI/speaking/cmake-3.23.0/Source/kwsys/CMakeFiles/CMakeTmp' に入ります
Building CXX object CMakeFiles/cmTC_e7569.dir/kwsysPlatformTestsCXX.cxx.o
/usr/bin/g++ -DTEST_KWSYS_CXX_HAS_SETENV  -std=gnu++17 -o CMakeFiles/cmTC_e7569.dir/kwsysPlatformTestsCXX.cxx.o -c /home/wxwxw/Documents/Speaking-AI/speaking/cmake-3.23.0/Source/kwsys/kwsysPlatformTestsCXX.cxx
Linking CXX executable cmTC_e7569
/home/wxwxw/Documents/Speaking-AI/speaking/cmake-3.23.0/Bootstrap.cmk/cmake -E cmake_link_script CMakeFiles/cmTC_e7569.dir/link.txt --verbose=1
/usr/bin/g++ -rdynamic CMakeFiles/cmTC_e7569.dir/kwsysPlatformTestsCXX.cxx.o -o cmTC_e7569 
make[1]: ディレクトリ '/home/wxwxw/Documents/Speaking-AI/speaking/cmake-3.23.0/Source/kwsys/CMakeFiles/CMakeTmp' から出ます



Checking whether CXX compiler has unsetenv compiled with the following output:
Change Dir: /home/wxwxw/Documents/Speaking-AI/speaking/cmake-3.23.0/Source/kwsys/CMakeFiles/CMakeTmp

Run Build Command(s):/usr/bin/make -f Makefile cmTC_a9ec1/fast && make  -f CMakeFiles/cmTC_a9ec1.dir/build.make CMakeFiles/cmTC_a9ec1.dir/build
make[1]: ディレクトリ '/home/wxwxw/Documents/Speaking-AI/speaking/cmake-3.23.0/Source/kwsys/CMakeFiles/CMakeTmp' に入ります
Building CXX object CMakeFiles/cmTC_a9ec1.dir/kwsysPlatformTestsCXX.cxx.o
/usr/bin/g++ -DTEST_KWSYS_CXX_HAS_UNSETENV  -std=gnu++17 -o CMakeFiles/cmTC_a9ec1.dir/kwsysPlatformTestsCXX.cxx.o -c /home/wxwxw/Documents/Speaking-AI/speaking/cmake-3.23.0/Source/kwsys/kwsysPlatformTestsCXX.cxx
Linking CXX executable cmTC_a9ec1
/home/wxwxw/Documents/Speaking-AI/speaking/cmake-3.23.0/Bootstrap.cmk/cmake -E cmake_link_script CMakeFiles/cmTC_a9ec1.dir/link.txt --verbose=1
/usr/bin/g++ -rdynamic CMakeFiles/cmTC_a9ec1.dir/kwsysPlatformTestsCXX.cxx.o -o cmTC_a9ec1 
make[1]: ディレクトリ '/home/wxwxw/Documents/Speaking-AI/speaking/cmake-3.23.0/Source/kwsys/CMakeFiles/CMakeTmp' から出ます



Checking whether CXX compiler has utimes compiled with the following output:
Change Dir: /home/wxwxw/Documents/Speaking-AI/speaking/cmake-3.23.0/Source/kwsys/CMakeFiles/CMakeTmp

Run Build Command(s):/usr/bin/make -f Makefile cmTC_c067c/fast && make  -f CMakeFiles/cmTC_c067c.dir/build.make CMakeFiles/cmTC_c067c.dir/build
make[1]: ディレクトリ '/home/wxwxw/Documents/Speaking-AI/speaking/cmake-3.23.0/Source/kwsys/CMakeFiles/CMakeTmp' に入ります
Building CXX object CMakeFiles/cmTC_c067c.dir/kwsysPlatformTestsCXX.cxx.o
/usr/bin/g++ -DTEST_KWSYS_CXX_HAS_UTIMES  -std=gnu++17 -o CMakeFiles/cmTC_c067c.dir/kwsysPlatformTestsCXX.cxx.o -c /home/wxwxw/Documents/Speaking-AI/speaking/cmake-3.23.0/Source/kwsys/kwsysPlatformTestsCXX.cxx
Linking CXX executable cmTC_c067c
/home/wxwxw/Documents/Speaking-AI/speaking/cmake-3.23.0/Bootstrap.cmk/cmake -E cmake_link_script CMakeFiles/cmTC_c067c.dir/link.txt --verbose=1
/usr/bin/g++ -rdynamic CMakeFiles/cmTC_c067c.dir/kwsysPlatformTestsCXX.cxx.o -o cmTC_c067c 
make[1]: ディレクトリ '/home/wxwxw/Documents/Speaking-AI/speaking/cmake-3.23.0/Source/kwsys/CMakeFiles/CMakeTmp' から出ます



Checking whether CXX compiler has utimensat compiled with the following output:
Change Dir: /home/wxwxw/Documents/Speaking-AI/speaking/cmake-3.23.0/Source/kwsys/CMakeFiles/CMakeTmp

Run Build Command(s):/usr/bin/make -f Makefile cmTC_4560a/fast && make  -f CMakeFiles/cmTC_4560a.dir/build.make CMakeFiles/cmTC_4560a.dir/build
make[1]: ディレクトリ '/home/wxwxw/Documents/Speaking-AI/speaking/cmake-3.23.0/Source/kwsys/CMakeFiles/CMakeTmp' に入ります
Building CXX object CMakeFiles/cmTC_4560a.dir/kwsysPlatformTestsCXX.cxx.o
/usr/bin/g++ -DTEST_KWSYS_CXX_HAS_UTIMENSAT  -std=gnu++17 -o CMakeFiles/cmTC_4560a.dir/kwsysPlatformTestsCXX.cxx.o -c /home/wxwxw/Documents/Speaking-AI/speaking/cmake-3.23.0/Source/kwsys/kwsysPlatformTestsCXX.cxx
Linking CXX executable cmTC_4560a
/home/wxwxw/Documents/Speaking-AI/speaking/cmake-3.23.0/Bootstrap.cmk/cmake -E cmake_link_script CMakeFiles/cmTC_4560a.dir/link.txt --verbose=1
/usr/bin/g++ -rdynamic CMakeFiles/cmTC_4560a.dir/kwsysPlatformTestsCXX.cxx.o -o cmTC_4560a 
make[1]: ディレクトリ '/home/wxwxw/Documents/Speaking-AI/speaking/cmake-3.23.0/Source/kwsys/CMakeFiles/CMakeTmp' から出ます



Checking whether CXX compiler struct stat has st_mtim member compiled with the following output:
Change Dir: /home/wxwxw/Documents/Speaking-AI/speaking/cmake-3.23.0/Source/kwsys/CMakeFiles/CMakeTmp

Run Build Command(s):/usr/bin/make -f Makefile cmTC_48e05/fast && make  -f CMakeFiles/cmTC_48e05.dir/build.make CMakeFiles/cmTC_48e05.dir/build
make[1]: ディレクトリ '/home/wxwxw/Documents/Speaking-AI/speaking/cmake-3.23.0/Source/kwsys/CMakeFiles/CMakeTmp' に入ります
Building CXX object CMakeFiles/cmTC_48e05.dir/kwsysPlatformTestsCXX.cxx.o
/usr/bin/g++ -DTEST_KWSYS_CXX_STAT_HAS_ST_MTIM  -std=gnu++17 -o CMakeFiles/cmTC_48e05.dir/kwsysPlatformTestsCXX.cxx.o -c /home/wxwxw/Documents/Speaking-AI/speaking/cmake-3.23.0/Source/kwsys/kwsysPlatformTestsCXX.cxx
Linking CXX executable cmTC_48e05
/home/wxwxw/Documents/Speaking-AI/speaking/cmake-3.23.0/Bootstrap.cmk/cmake -E cmake_link_script CMakeFiles/cmTC_48e05.dir/link.txt --verbose=1
/usr/bin/g++ -rdynamic CMakeFiles/cmTC_48e05.dir/kwsysPlatformTestsCXX.cxx.o -o cmTC_48e05 
make[1]: ディレクトリ '/home/wxwxw/Documents/Speaking-AI/speaking/cmake-3.23.0/Source/kwsys/CMakeFiles/CMakeTmp' から出ます



Determining if files sys/types.h;ifaddrs.h exist passed with the following output:
Change Dir: /home/wxwxw/Documents/Speaking-AI/speaking/cmake-3.23.0/CMakeFiles/CMakeTmp

Run Build Command(s):/usr/bin/make -f Makefile cmTC_564a1/fast && make  -f CMakeFiles/cmTC_564a1.dir/build.make CMakeFiles/cmTC_564a1.dir/build
make[1]: ディレクトリ '/home/wxwxw/Documents/Speaking-AI/speaking/cmake-3.23.0/CMakeFiles/CMakeTmp' に入ります
Building C object CMakeFiles/cmTC_564a1.dir/KWSYS_SYS_HAS_IFADDRS_H.c.o
/usr/bin/gcc   -std=gnu11 -o CMakeFiles/cmTC_564a1.dir/KWSYS_SYS_HAS_IFADDRS_H.c.o -c /home/wxwxw/Documents/Speaking-AI/speaking/cmake-3.23.0/CMakeFiles/CheckIncludeFiles/KWSYS_SYS_HAS_IFADDRS_H.c
Linking C executable cmTC_564a1
/home/wxwxw/Documents/Speaking-AI/speaking/cmake-3.23.0/Bootstrap.cmk/cmake -E cmake_link_script CMakeFiles/cmTC_564a1.dir/link.txt --verbose=1
/usr/bin/gcc -rdynamic CMakeFiles/cmTC_564a1.dir/KWSYS_SYS_HAS_IFADDRS_H.c.o -o cmTC_564a1 
make[1]: ディレクトリ '/home/wxwxw/Documents/Speaking-AI/speaking/cmake-3.23.0/CMakeFiles/CMakeTmp' から出ます



Checking whether CXX compiler has rlimit64 compiled with the following output:
Change Dir: /home/wxwxw/Documents/Speaking-AI/speaking/cmake-3.23.0/Source/kwsys/CMakeFiles/CMakeTmp

Run Build Command(s):/usr/bin/make -f Makefile cmTC_eafb1/fast && make  -f CMakeFiles/cmTC_eafb1.dir/build.make CMakeFiles/cmTC_eafb1.dir/build
make[1]: ディレクトリ '/home/wxwxw/Documents/Speaking-AI/speaking/cmake-3.23.0/Source/kwsys/CMakeFiles/CMakeTmp' に入ります
Building CXX object CMakeFiles/cmTC_eafb1.dir/kwsysPlatformTestsCXX.cxx.o
/usr/bin/g++ -DTEST_KWSYS_CXX_HAS_RLIMIT64  -std=gnu++17 -o CMakeFiles/cmTC_eafb1.dir/kwsysPlatformTestsCXX.cxx.o -c /home/wxwxw/Documents/Speaking-AI/speaking/cmake-3.23.0/Source/kwsys/kwsysPlatformTestsCXX.cxx
Linking CXX executable cmTC_eafb1
/home/wxwxw/Documents/Speaking-AI/speaking/cmake-3.23.0/Bootstrap.cmk/cmake -E cmake_link_script CMakeFiles/cmTC_eafb1.dir/link.txt --verbose=1
/usr/bin/g++ -rdynamic CMakeFiles/cmTC_eafb1.dir/kwsysPlatformTestsCXX.cxx.o -o cmTC_eafb1 
make[1]: ディレクトリ '/home/wxwxw/Documents/Speaking-AI/speaking/cmake-3.23.0/Source/kwsys/CMakeFiles/CMakeTmp' から出ます



Determining if the include file execinfo.h exists passed with the following output:
Change Dir: /home/wxwxw/Documents/Speaking-AI/speaking/cmake-3.23.0/CMakeFiles/CMakeTmp

Run Build Command(s):/usr/bin/make -f Makefile cmTC_62389/fast && make  -f CMakeFiles/cmTC_62389.dir/build.make CMakeFiles/cmTC_62389.dir/build
make[1]: ディレクトリ '/home/wxwxw/Documents/Speaking-AI/speaking/cmake-3.23.0/CMakeFiles/CMakeTmp' に入ります
Building CXX object CMakeFiles/cmTC_62389.dir/CheckIncludeFile.cxx.o
/usr/bin/g++   -std=gnu++17 -o CMakeFiles/cmTC_62389.dir/CheckIncludeFile.cxx.o -c /home/wxwxw/Documents/Speaking-AI/speaking/cmake-3.23.0/CMakeFiles/CMakeTmp/CheckIncludeFile.cxx
Linking CXX executable cmTC_62389
/home/wxwxw/Documents/Speaking-AI/speaking/cmake-3.23.0/Bootstrap.cmk/cmake -E cmake_link_script CMakeFiles/cmTC_62389.dir/link.txt --verbose=1
/usr/bin/g++ -rdynamic CMakeFiles/cmTC_62389.dir/CheckIncludeFile.cxx.o -o cmTC_62389 
make[1]: ディレクトリ '/home/wxwxw/Documents/Speaking-AI/speaking/cmake-3.23.0/CMakeFiles/CMakeTmp' から出ます



Checking whether backtrace works with this C++ compiler compiled with the following output:
Change Dir: /home/wxwxw/Documents/Speaking-AI/speaking/cmake-3.23.0/Source/kwsys/CMakeFiles/CMakeTmp

Run Build Command(s):/usr/bin/make -f Makefile cmTC_e4929/fast && make  -f CMakeFiles/cmTC_e4929.dir/build.make CMakeFiles/cmTC_e4929.dir/build
make[1]: ディレクトリ '/home/wxwxw/Documents/Speaking-AI/speaking/cmake-3.23.0/Source/kwsys/CMakeFiles/CMakeTmp' に入ります
Building CXX object CMakeFiles/cmTC_e4929.dir/kwsysPlatformTestsCXX.cxx.o
/usr/bin/g++ -DTEST_KWSYS_CXX_HAS_BACKTRACE  -std=gnu++17 -o CMakeFiles/cmTC_e4929.dir/kwsysPlatformTestsCXX.cxx.o -c /home/wxwxw/Documents/Speaking-AI/speaking/cmake-3.23.0/Source/kwsys/kwsysPlatformTestsCXX.cxx
Linking CXX executable cmTC_e4929
/home/wxwxw/Documents/Speaking-AI/speaking/cmake-3.23.0/Bootstrap.cmk/cmake -E cmake_link_script CMakeFiles/cmTC_e4929.dir/link.txt --verbose=1
/usr/bin/g++ -rdynamic CMakeFiles/cmTC_e4929.dir/kwsysPlatformTestsCXX.cxx.o -o cmTC_e4929 
make[1]: ディレクトリ '/home/wxwxw/Documents/Speaking-AI/speaking/cmake-3.23.0/Source/kwsys/CMakeFiles/CMakeTmp' から出ます



Determining if the include file dlfcn.h exists passed with the following output:
Change Dir: /home/wxwxw/Documents/Speaking-AI/speaking/cmake-3.23.0/CMakeFiles/CMakeTmp

Run Build Command(s):/usr/bin/make -f Makefile cmTC_11627/fast && make  -f CMakeFiles/cmTC_11627.dir/build.make CMakeFiles/cmTC_11627.dir/build
make[1]: ディレクトリ '/home/wxwxw/Documents/Speaking-AI/speaking/cmake-3.23.0/CMakeFiles/CMakeTmp' に入ります
Building CXX object CMakeFiles/cmTC_11627.dir/CheckIncludeFile.cxx.o
/usr/bin/g++   -std=gnu++17 -o CMakeFiles/cmTC_11627.dir/CheckIncludeFile.cxx.o -c /home/wxwxw/Documents/Speaking-AI/speaking/cmake-3.23.0/CMakeFiles/CMakeTmp/CheckIncludeFile.cxx
Linking CXX executable cmTC_11627
/home/wxwxw/Documents/Speaking-AI/speaking/cmake-3.23.0/Bootstrap.cmk/cmake -E cmake_link_script CMakeFiles/cmTC_11627.dir/link.txt --verbose=1
/usr/bin/g++ -rdynamic CMakeFiles/cmTC_11627.dir/CheckIncludeFile.cxx.o -o cmTC_11627 
make[1]: ディレクトリ '/home/wxwxw/Documents/Speaking-AI/speaking/cmake-3.23.0/CMakeFiles/CMakeTmp' から出ます



Checking whether dladdr works with this C++ compiler compiled with the following output:
Change Dir: /home/wxwxw/Documents/Speaking-AI/speaking/cmake-3.23.0/Source/kwsys/CMakeFiles/CMakeTmp

Run Build Command(s):/usr/bin/make -f Makefile cmTC_09bd1/fast && make  -f CMakeFiles/cmTC_09bd1.dir/build.make CMakeFiles/cmTC_09bd1.dir/build
make[1]: ディレクトリ '/home/wxwxw/Documents/Speaking-AI/speaking/cmake-3.23.0/Source/kwsys/CMakeFiles/CMakeTmp' に入ります
Building CXX object CMakeFiles/cmTC_09bd1.dir/kwsysPlatformTestsCXX.cxx.o
/usr/bin/g++ -DTEST_KWSYS_CXX_HAS_DLADDR  -std=gnu++17 -o CMakeFiles/cmTC_09bd1.dir/kwsysPlatformTestsCXX.cxx.o -c /home/wxwxw/Documents/Speaking-AI/speaking/cmake-3.23.0/Source/kwsys/kwsysPlatformTestsCXX.cxx
Linking CXX executable cmTC_09bd1
/home/wxwxw/Documents/Speaking-AI/speaking/cmake-3.23.0/Bootstrap.cmk/cmake -E cmake_link_script CMakeFiles/cmTC_09bd1.dir/link.txt --verbose=1
/usr/bin/g++ -rdynamic CMakeFiles/cmTC_09bd1.dir/kwsysPlatformTestsCXX.cxx.o -o cmTC_09bd1  -ldl 
make[1]: ディレクトリ '/home/wxwxw/Documents/Speaking-AI/speaking/cmake-3.23.0/Source/kwsys/CMakeFiles/CMakeTmp' から出ます



Determining if the include file cxxabi.h exists passed with the following output:
Change Dir: /home/wxwxw/Documents/Speaking-AI/speaking/cmake-3.23.0/CMakeFiles/CMakeTmp

Run Build Command(s):/usr/bin/make -f Makefile cmTC_2264c/fast && make  -f CMakeFiles/cmTC_2264c.dir/build.make CMakeFiles/cmTC_2264c.dir/build
make[1]: ディレクトリ '/home/wxwxw/Documents/Speaking-AI/speaking/cmake-3.23.0/CMakeFiles/CMakeTmp' に入ります
Building CXX object CMakeFiles/cmTC_2264c.dir/CheckIncludeFile.cxx.o
/usr/bin/g++   -std=gnu++17 -o CMakeFiles/cmTC_2264c.dir/CheckIncludeFile.cxx.o -c /home/wxwxw/Documents/Speaking-AI/speaking/cmake-3.23.0/CMakeFiles/CMakeTmp/CheckIncludeFile.cxx
Linking CXX executable cmTC_2264c
/home/wxwxw/Documents/Speaking-AI/speaking/cmake-3.23.0/Bootstrap.cmk/cmake -E cmake_link_script CMakeFiles/cmTC_2264c.dir/link.txt --verbose=1
/usr/bin/g++ -rdynamic CMakeFiles/cmTC_2264c.dir/CheckIncludeFile.cxx.o -o cmTC_2264c 
make[1]: ディレクトリ '/home/wxwxw/Documents/Speaking-AI/speaking/cmake-3.23.0/CMakeFiles/CMakeTmp' から出ます



Checking whether cxxabi works with this C++ compiler compiled with the following output:
Change Dir: /home/wxwxw/Documents/Speaking-AI/speaking/cmake-3.23.0/Source/kwsys/CMakeFiles/CMakeTmp

Run Build Command(s):/usr/bin/make -f Makefile cmTC_155fd/fast && make  -f CMakeFiles/cmTC_155fd.dir/build.make CMakeFiles/cmTC_155fd.dir/build
make[1]: ディレクトリ '/home/wxwxw/Documents/Speaking-AI/speaking/cmake-3.23.0/Source/kwsys/CMakeFiles/CMakeTmp' に入ります
Building CXX object CMakeFiles/cmTC_155fd.dir/kwsysPlatformTestsCXX.cxx.o
/usr/bin/g++ -DTEST_KWSYS_CXX_HAS_CXXABI  -std=gnu++17 -o CMakeFiles/cmTC_155fd.dir/kwsysPlatformTestsCXX.cxx.o -c /home/wxwxw/Documents/Speaking-AI/speaking/cmake-3.23.0/Source/kwsys/kwsysPlatformTestsCXX.cxx
Linking CXX executable cmTC_155fd
/home/wxwxw/Documents/Speaking-AI/speaking/cmake-3.23.0/Bootstrap.cmk/cmake -E cmake_link_script CMakeFiles/cmTC_155fd.dir/link.txt --verbose=1
/usr/bin/g++ -rdynamic CMakeFiles/cmTC_155fd.dir/kwsysPlatformTestsCXX.cxx.o -o cmTC_155fd 
make[1]: ディレクトリ '/home/wxwxw/Documents/Speaking-AI/speaking/cmake-3.23.0/Source/kwsys/CMakeFiles/CMakeTmp' から出ます



Checking whether CXX compiler has getloadavg compiled with the following output:
Change Dir: /home/wxwxw/Documents/Speaking-AI/speaking/cmake-3.23.0/Source/kwsys/CMakeFiles/CMakeTmp

Run Build Command(s):/usr/bin/make -f Makefile cmTC_21ed9/fast && make  -f CMakeFiles/cmTC_21ed9.dir/build.make CMakeFiles/cmTC_21ed9.dir/build
make[1]: ディレクトリ '/home/wxwxw/Documents/Speaking-AI/speaking/cmake-3.23.0/Source/kwsys/CMakeFiles/CMakeTmp' に入ります
Building CXX object CMakeFiles/cmTC_21ed9.dir/kwsysPlatformTestsCXX.cxx.o
/usr/bin/g++ -DTEST_KWSYS_CXX_HAS_GETLOADAVG  -std=gnu++17 -o CMakeFiles/cmTC_21ed9.dir/kwsysPlatformTestsCXX.cxx.o -c /home/wxwxw/Documents/Speaking-AI/speaking/cmake-3.23.0/Source/kwsys/kwsysPlatformTestsCXX.cxx
Linking CXX executable cmTC_21ed9
/home/wxwxw/Documents/Speaking-AI/speaking/cmake-3.23.0/Bootstrap.cmk/cmake -E cmake_link_script CMakeFiles/cmTC_21ed9.dir/link.txt --verbose=1
/usr/bin/g++ -rdynamic CMakeFiles/cmTC_21ed9.dir/kwsysPlatformTestsCXX.cxx.o -o cmTC_21ed9 
make[1]: ディレクトリ '/home/wxwxw/Documents/Speaking-AI/speaking/cmake-3.23.0/Source/kwsys/CMakeFiles/CMakeTmp' から出ます



Checking whether <ext/stdio_filebuf.h> is available compiled with the following output:
Change Dir: /home/wxwxw/Documents/Speaking-AI/speaking/cmake-3.23.0/Source/kwsys/CMakeFiles/CMakeTmp

Run Build Command(s):/usr/bin/make -f Makefile cmTC_94fc7/fast && make  -f CMakeFiles/cmTC_94fc7.dir/build.make CMakeFiles/cmTC_94fc7.dir/build
make[1]: ディレクトリ '/home/wxwxw/Documents/Speaking-AI/speaking/cmake-3.23.0/Source/kwsys/CMakeFiles/CMakeTmp' に入ります
Building CXX object CMakeFiles/cmTC_94fc7.dir/kwsysPlatformTestsCXX.cxx.o
/usr/bin/g++ -DTEST_KWSYS_CXX_HAS_EXT_STDIO_FILEBUF_H  -std=gnu++17 -o CMakeFiles/cmTC_94fc7.dir/kwsysPlatformTestsCXX.cxx.o -c /home/wxwxw/Documents/Speaking-AI/speaking/cmake-3.23.0/Source/kwsys/kwsysPlatformTestsCXX.cxx
Linking CXX executable cmTC_94fc7
/home/wxwxw/Documents/Speaking-AI/speaking/cmake-3.23.0/Bootstrap.cmk/cmake -E cmake_link_script CMakeFiles/cmTC_94fc7.dir/link.txt --verbose=1
/usr/bin/g++ -rdynamic CMakeFiles/cmTC_94fc7.dir/kwsysPlatformTestsCXX.cxx.o -o cmTC_94fc7 
make[1]: ディレクトリ '/home/wxwxw/Documents/Speaking-AI/speaking/cmake-3.23.0/Source/kwsys/CMakeFiles/CMakeTmp' から出ます



Performing C SOURCE FILE Test HAVE_SOCKADDR_IN6_SIN6_ADDR succeeded with the following output:
Change Dir: /home/wxwxw/Documents/Speaking-AI/speaking/cmake-3.23.0/CMakeFiles/CMakeTmp

Run Build Command(s):/usr/bin/make -f Makefile cmTC_8eec7/fast && make  -f CMakeFiles/cmTC_8eec7.dir/build.make CMakeFiles/cmTC_8eec7.dir/build
make[1]: ディレクトリ '/home/wxwxw/Documents/Speaking-AI/speaking/cmake-3.23.0/CMakeFiles/CMakeTmp' に入ります
Building C object CMakeFiles/cmTC_8eec7.dir/src.c.o
/usr/bin/gcc -DHAVE_SOCKADDR_IN6_SIN6_ADDR  -w  -std=gnu11 -o CMakeFiles/cmTC_8eec7.dir/src.c.o -c /home/wxwxw/Documents/Speaking-AI/speaking/cmake-3.23.0/CMakeFiles/CMakeTmp/src.c
Linking C executable cmTC_8eec7
/home/wxwxw/Documents/Speaking-AI/speaking/cmake-3.23.0/Bootstrap.cmk/cmake -E cmake_link_script CMakeFiles/cmTC_8eec7.dir/link.txt --verbose=1
/usr/bin/gcc  -w  CMakeFiles/cmTC_8eec7.dir/src.c.o -o cmTC_8eec7 
make[1]: ディレクトリ '/home/wxwxw/Documents/Speaking-AI/speaking/cmake-3.23.0/CMakeFiles/CMakeTmp' から出ます


Source file was:

#include <netinet/in.h>

int main()
{
  (void)sizeof(((struct sockaddr_in6 *)0)->sin6_addr);
  return 0;
}

Performing C SOURCE FILE Test HAVE_SOCKADDR_IN6_SIN6_SCOPE_ID succeeded with the following output:
Change Dir: /home/wxwxw/Documents/Speaking-AI/speaking/cmake-3.23.0/CMakeFiles/CMakeTmp

Run Build Command(s):/usr/bin/make -f Makefile cmTC_34b9b/fast && make  -f CMakeFiles/cmTC_34b9b.dir/build.make CMakeFiles/cmTC_34b9b.dir/build
make[1]: ディレクトリ '/home/wxwxw/Documents/Speaking-AI/speaking/cmake-3.23.0/CMakeFiles/CMakeTmp' に入ります
Building C object CMakeFiles/cmTC_34b9b.dir/src.c.o
/usr/bin/gcc -DHAVE_SOCKADDR_IN6_SIN6_SCOPE_ID  -w  -std=gnu11 -o CMakeFiles/cmTC_34b9b.dir/src.c.o -c /home/wxwxw/Documents/Speaking-AI/speaking/cmake-3.23.0/CMakeFiles/CMakeTmp/src.c
Linking C executable cmTC_34b9b
/home/wxwxw/Documents/Speaking-AI/speaking/cmake-3.23.0/Bootstrap.cmk/cmake -E cmake_link_script CMakeFiles/cmTC_34b9b.dir/link.txt --verbose=1
/usr/bin/gcc  -w  CMakeFiles/cmTC_34b9b.dir/src.c.o -o cmTC_34b9b 
make[1]: ディレクトリ '/home/wxwxw/Documents/Speaking-AI/speaking/cmake-3.23.0/CMakeFiles/CMakeTmp' から出ます


Source file was:

#include <netinet/in.h>

int main()
{
  (void)sizeof(((struct sockaddr_in6 *)0)->sin6_scope_id);
  return 0;
}

Determining if the function gethostbyname exists in the c passed with the following output:
Change Dir: /home/wxwxw/Documents/Speaking-AI/speaking/cmake-3.23.0/CMakeFiles/CMakeTmp

Run Build Command(s):/usr/bin/make -f Makefile cmTC_91a0a/fast && make  -f CMakeFiles/cmTC_91a0a.dir/build.make CMakeFiles/cmTC_91a0a.dir/build
make[1]: ディレクトリ '/home/wxwxw/Documents/Speaking-AI/speaking/cmake-3.23.0/CMakeFiles/CMakeTmp' に入ります
Building C object CMakeFiles/cmTC_91a0a.dir/CheckFunctionExists.c.o
/usr/bin/gcc   -w -DCHECK_FUNCTION_EXISTS=gethostbyname -std=gnu11 -o CMakeFiles/cmTC_91a0a.dir/CheckFunctionExists.c.o -c /home/wxwxw/Documents/Speaking-AI/speaking/cmake-3.23.0/Modules/CheckFunctionExists.c
Linking C executable cmTC_91a0a
/home/wxwxw/Documents/Speaking-AI/speaking/cmake-3.23.0/Bootstrap.cmk/cmake -E cmake_link_script CMakeFiles/cmTC_91a0a.dir/link.txt --verbose=1
/usr/bin/gcc  -w -DCHECK_FUNCTION_EXISTS=gethostbyname CMakeFiles/cmTC_91a0a.dir/CheckFunctionExists.c.o -o cmTC_91a0a  -lc 
make[1]: ディレクトリ '/home/wxwxw/Documents/Speaking-AI/speaking/cmake-3.23.0/CMakeFiles/CMakeTmp' から出ます



Determining if the function gethostname exists passed with the following output:
Change Dir: /home/wxwxw/Documents/Speaking-AI/speaking/cmake-3.23.0/CMakeFiles/CMakeTmp

Run Build Command(s):/usr/bin/make -f Makefile cmTC_ac1c4/fast && make  -f CMakeFiles/cmTC_ac1c4.dir/build.make CMakeFiles/cmTC_ac1c4.dir/build
make[1]: ディレクトリ '/home/wxwxw/Documents/Speaking-AI/speaking/cmake-3.23.0/CMakeFiles/CMakeTmp' に入ります
Building C object CMakeFiles/cmTC_ac1c4.dir/CheckFunctionExists.c.o
/usr/bin/gcc   -w -DCHECK_FUNCTION_EXISTS=gethostname -std=gnu11 -o CMakeFiles/cmTC_ac1c4.dir/CheckFunctionExists.c.o -c /home/wxwxw/Documents/Speaking-AI/speaking/cmake-3.23.0/Modules/CheckFunctionExists.c
Linking C executable cmTC_ac1c4
/home/wxwxw/Documents/Speaking-AI/speaking/cmake-3.23.0/Bootstrap.cmk/cmake -E cmake_link_script CMakeFiles/cmTC_ac1c4.dir/link.txt --verbose=1
/usr/bin/gcc  -w -DCHECK_FUNCTION_EXISTS=gethostname CMakeFiles/cmTC_ac1c4.dir/CheckFunctionExists.c.o -o cmTC_ac1c4 
make[1]: ディレクトリ '/home/wxwxw/Documents/Speaking-AI/speaking/cmake-3.23.0/CMakeFiles/CMakeTmp' から出ます



